2025-02-15 12:02:31,615 - INFO - Read 32342 records from source file
2025-02-15 12:02:31,622 - INFO - Created 8 splits
2025-02-15 12:02:39,240 - INFO - Table schema recreated
2025-02-15 12:03:26,664 - INFO - Batch 1: Inserted 4043 records in 47.41 seconds
2025-02-15 12:04:12,797 - INFO - Batch 2: Inserted 4043 records in 46.12 seconds
2025-02-15 12:04:57,579 - INFO - Batch 3: Inserted 4043 records in 44.77 seconds
2025-02-15 12:05:39,963 - INFO - Batch 4: Inserted 4043 records in 42.38 seconds
2025-02-15 12:05:39,964 - INFO - DB insertion completed
2025-02-15 12:07:07,284 - INFO - Fetched 16172 records from DB
2025-02-15 12:07:07,290 - INFO - Request URL: 'https://churndest.blob.core.windows.net/customerchurn?restype=REDACTED'
Request method: 'PUT'
Request headers:
    'x-ms-version': 'REDACTED'
    'Accept': 'application/xml'
    'User-Agent': 'azsdk-python-storage-blob/12.24.1 Python/3.9.6 (macOS-15.1-arm64-arm-64bit)'
    'x-ms-date': 'REDACTED'
    'x-ms-client-request-id': '46bfba50-eb67-11ef-91c9-6241a593cdd7'
    'Authorization': 'REDACTED'
No body was attached to the request
2025-02-15 12:07:08,599 - INFO - Response status: 201
Response headers:
    'Content-Length': '0'
    'Last-Modified': 'Sat, 15 Feb 2025 06:37:08 GMT'
    'ETag': '"0x8DD4D8B2BA1E064"'
    'Server': 'Windows-Azure-Blob/1.0 Microsoft-HTTPAPI/2.0'
    'x-ms-request-id': '6d2cae6a-a01e-0009-1674-7f2547000000'
    'x-ms-client-request-id': '46bfba50-eb67-11ef-91c9-6241a593cdd7'
    'x-ms-version': 'REDACTED'
    'Date': 'Sat, 15 Feb 2025 06:37:07 GMT'
2025-02-15 12:07:08,600 - INFO - Created new container: customerchurn
2025-02-15 12:07:08,667 - INFO - Request URL: 'https://churndest.blob.core.windows.net/customerchurn/source%3Ddb/year%3D2025/month%3D02/day%3D15/hour%3D12/data_20250215_120708.csv'
Request method: 'PUT'
Request headers:
    'Content-Length': '1583467'
    'x-ms-blob-type': 'REDACTED'
    'x-ms-version': 'REDACTED'
    'Content-Type': 'application/octet-stream'
    'Accept': 'application/xml'
    'User-Agent': 'azsdk-python-storage-blob/12.24.1 Python/3.9.6 (macOS-15.1-arm64-arm-64bit)'
    'x-ms-date': 'REDACTED'
    'x-ms-client-request-id': '4791c9dc-eb67-11ef-91c9-6241a593cdd7'
    'Authorization': 'REDACTED'
A body is sent with the request
2025-02-15 12:07:10,401 - INFO - Response status: 201
Response headers:
    'Content-Length': '0'
    'Content-MD5': 'REDACTED'
    'Last-Modified': 'Sat, 15 Feb 2025 06:37:10 GMT'
    'ETag': '"0x8DD4D8B2CB5E040"'
    'Server': 'Windows-Azure-Blob/1.0 Microsoft-HTTPAPI/2.0'
    'x-ms-request-id': '6d2cae82-a01e-0009-2a74-7f2547000000'
    'x-ms-client-request-id': '4791c9dc-eb67-11ef-91c9-6241a593cdd7'
    'x-ms-version': 'REDACTED'
    'x-ms-content-crc64': 'REDACTED'
    'x-ms-request-server-encrypted': 'REDACTED'
    'Date': 'Sat, 15 Feb 2025 06:37:09 GMT'
2025-02-15 12:07:10,402 - INFO - Successfully written 16172 records to source=db/year=2025/month=02/day=15/hour=12/data_20250215_120708.csv
2025-02-15 12:07:10,404 - INFO - Request URL: 'https://customerchurnsource.file.core.windows.net/customerchurnsource?restype=REDACTED&comp=REDACTED'
Request method: 'GET'
Request headers:
    'x-ms-version': 'REDACTED'
    'Accept': 'application/xml'
    'User-Agent': 'azsdk-python-storage-file-share/12.20.1 Python/3.9.6 (macOS-15.1-arm64-arm-64bit)'
    'x-ms-date': 'REDACTED'
    'x-ms-client-request-id': '489ae926-eb67-11ef-91c9-6241a593cdd7'
    'Authorization': 'REDACTED'
No body was attached to the request
2025-02-15 12:07:11,843 - INFO - Response status: 200
Response headers:
    'Transfer-Encoding': 'chunked'
    'Content-Type': 'application/xml'
    'Server': 'Windows-Azure-File/1.0 Microsoft-HTTPAPI/2.0'
    'x-ms-request-id': 'b1e95412-c01a-0006-3374-7f22ab000000'
    'x-ms-client-request-id': '489ae926-eb67-11ef-91c9-6241a593cdd7'
    'x-ms-version': 'REDACTED'
    'Date': 'Sat, 15 Feb 2025 06:37:10 GMT'
2025-02-15 12:07:30,647 - INFO - Request URL: 'https://churndest.blob.core.windows.net/customerchurn?restype=REDACTED&comp=REDACTED'
Request method: 'GET'
Request headers:
    'x-ms-version': 'REDACTED'
    'Accept': 'application/xml'
    'User-Agent': 'azsdk-python-storage-blob/12.24.1 Python/3.9.6 (macOS-15.1-arm64-arm-64bit)'
    'x-ms-date': 'REDACTED'
    'x-ms-client-request-id': '54abbeb6-eb67-11ef-91c9-6241a593cdd7'
    'Authorization': 'REDACTED'
No body was attached to the request
2025-02-15 12:07:31,792 - INFO - Response status: 200
Response headers:
    'Transfer-Encoding': 'chunked'
    'Content-Type': 'application/xml'
    'Server': 'Windows-Azure-Blob/1.0 Microsoft-HTTPAPI/2.0'
    'x-ms-request-id': '4321f0f4-901e-003d-2874-7f168f000000'
    'x-ms-client-request-id': '54abbeb6-eb67-11ef-91c9-6241a593cdd7'
    'x-ms-version': 'REDACTED'
    'Date': 'Sat, 15 Feb 2025 06:37:31 GMT'
2025-02-15 12:07:31,795 - INFO - Request URL: 'https://churndest.blob.core.windows.net/customerchurn/source%3Ddb/year%3D2025/month%3D02/day%3D15/hour%3D12/data_20250215_120708.csv'
Request method: 'GET'
Request headers:
    'x-ms-range': 'REDACTED'
    'x-ms-version': 'REDACTED'
    'Accept': 'application/xml'
    'User-Agent': 'azsdk-python-storage-blob/12.24.1 Python/3.9.6 (macOS-15.1-arm64-arm-64bit)'
    'x-ms-date': 'REDACTED'
    'x-ms-client-request-id': '555ae63e-eb67-11ef-91c9-6241a593cdd7'
    'Authorization': 'REDACTED'
No body was attached to the request
2025-02-15 12:07:32,036 - INFO - Response status: 206
Response headers:
    'Content-Length': '1583467'
    'Content-Type': 'application/octet-stream'
    'Content-Range': 'REDACTED'
    'Last-Modified': 'Sat, 15 Feb 2025 06:37:10 GMT'
    'Accept-Ranges': 'REDACTED'
    'ETag': '"0x8DD4D8B2CB5E040"'
    'Server': 'Windows-Azure-Blob/1.0 Microsoft-HTTPAPI/2.0'
    'x-ms-request-id': '4321f148-901e-003d-7a74-7f168f000000'
    'x-ms-client-request-id': '555ae63e-eb67-11ef-91c9-6241a593cdd7'
    'x-ms-version': 'REDACTED'
    'x-ms-resource-type': 'REDACTED'
    'x-ms-creation-time': 'REDACTED'
    'x-ms-blob-content-md5': 'REDACTED'
    'x-ms-lease-status': 'REDACTED'
    'x-ms-lease-state': 'REDACTED'
    'x-ms-blob-type': 'REDACTED'
    'x-ms-server-encrypted': 'REDACTED'
    'x-ms-owner': 'REDACTED'
    'x-ms-group': 'REDACTED'
    'x-ms-permissions': 'REDACTED'
    'x-ms-acl': 'REDACTED'
    'Date': 'Sat, 15 Feb 2025 06:37:31 GMT'
2025-02-15 12:07:33,815 - INFO - Read: source=db/year=2025/month=02/day=15/hour=12/data_20250215_120708.csv
2025-02-15 12:07:57,665 - INFO - Read 32342 records from source file
2025-02-15 12:07:57,671 - INFO - Created 8 splits
2025-02-15 12:08:02,035 - INFO - Table schema recreated
2025-02-15 12:08:46,220 - INFO - Batch 1: Inserted 4043 records in 44.18 seconds
2025-02-15 12:09:29,035 - INFO - Batch 2: Inserted 4043 records in 42.81 seconds
2025-02-15 12:10:11,187 - INFO - Batch 3: Inserted 4043 records in 42.14 seconds
2025-02-15 12:10:53,812 - INFO - Batch 4: Inserted 4043 records in 42.62 seconds
2025-02-15 12:10:53,815 - INFO - DB insertion completed
2025-02-15 12:10:53,864 - INFO - Read 32342 records from source file
2025-02-15 12:10:53,880 - INFO - Created 8 splits
2025-02-15 12:10:53,882 - INFO - Processing batch 5 with 4043 records
2025-02-15 12:10:53,913 - INFO - Request URL: 'https://customerchurnsource.file.core.windows.net/customerchurnsource/batch_5_20250215_121053.csv'
Request method: 'PUT'
Request headers:
    'x-ms-version': 'REDACTED'
    'x-ms-content-length': 'REDACTED'
    'x-ms-type': 'REDACTED'
    'x-ms-file-permission': 'REDACTED'
    'x-ms-file-attributes': 'REDACTED'
    'x-ms-file-creation-time': 'REDACTED'
    'x-ms-file-last-write-time': 'REDACTED'
    'Accept': 'application/xml'
    'User-Agent': 'azsdk-python-storage-file-share/12.20.1 Python/3.9.6 (macOS-15.1-arm64-arm-64bit)'
    'x-ms-date': 'REDACTED'
    'x-ms-client-request-id': 'cdd39c46-eb67-11ef-91c9-6241a593cdd7'
    'Authorization': 'REDACTED'
No body was attached to the request
2025-02-15 12:10:55,245 - INFO - Response status: 201
Response headers:
    'Content-Length': '0'
    'Last-Modified': 'Sat, 15 Feb 2025 06:40:55 GMT'
    'ETag': '"0x8DD4D8BB2B9149F"'
    'Server': 'Windows-Azure-File/1.0 Microsoft-HTTPAPI/2.0'
    'x-ms-request-id': 'cfa995c9-101a-0048-2c74-7f0c23000000'
    'x-ms-client-request-id': 'cdd39c46-eb67-11ef-91c9-6241a593cdd7'
    'x-ms-version': 'REDACTED'
    'x-ms-file-change-time': 'REDACTED'
    'x-ms-file-last-write-time': 'REDACTED'
    'x-ms-file-creation-time': 'REDACTED'
    'x-ms-file-permission-key': 'REDACTED'
    'x-ms-file-attributes': 'REDACTED'
    'x-ms-file-id': 'REDACTED'
    'x-ms-file-parent-id': 'REDACTED'
    'x-ms-request-server-encrypted': 'REDACTED'
    'Date': 'Sat, 15 Feb 2025 06:40:54 GMT'
2025-02-15 12:10:55,249 - INFO - Request URL: 'https://customerchurnsource.file.core.windows.net/customerchurnsource/batch_5_20250215_121053.csv?comp=REDACTED'
Request method: 'PUT'
Request headers:
    'Content-Length': '365255'
    'x-ms-range': 'REDACTED'
    'x-ms-write': 'REDACTED'
    'x-ms-version': 'REDACTED'
    'Content-Type': 'application/octet-stream'
    'Accept': 'application/xml'
    'User-Agent': 'azsdk-python-storage-file-share/12.20.1 Python/3.9.6 (macOS-15.1-arm64-arm-64bit)'
    'x-ms-date': 'REDACTED'
    'x-ms-client-request-id': 'ce9f8694-eb67-11ef-91c9-6241a593cdd7'
    'Authorization': 'REDACTED'
A body is sent with the request
2025-02-15 12:10:56,506 - INFO - Response status: 201
Response headers:
    'Content-Length': '0'
    'Content-MD5': 'REDACTED'
    'Last-Modified': 'Sat, 15 Feb 2025 06:40:56 GMT'
    'ETag': '"0x8DD4D8BB379DDDA"'
    'Server': 'Windows-Azure-File/1.0 Microsoft-HTTPAPI/2.0'
    'x-ms-request-id': 'cfa995cc-101a-0048-2d74-7f0c23000000'
    'x-ms-client-request-id': 'ce9f8694-eb67-11ef-91c9-6241a593cdd7'
    'x-ms-version': 'REDACTED'
    'x-ms-file-last-write-time': 'REDACTED'
    'x-ms-request-server-encrypted': 'REDACTED'
    'Date': 'Sat, 15 Feb 2025 06:40:55 GMT'
2025-02-15 12:10:56,511 - INFO - Batch 5: Uploaded 4043 records in 2.60 seconds
2025-02-15 12:10:56,512 - INFO - Processing batch 6 with 4042 records
2025-02-15 12:10:56,537 - INFO - Request URL: 'https://customerchurnsource.file.core.windows.net/customerchurnsource/batch_6_20250215_121056.csv'
Request method: 'PUT'
Request headers:
    'x-ms-version': 'REDACTED'
    'x-ms-content-length': 'REDACTED'
    'x-ms-type': 'REDACTED'
    'x-ms-file-permission': 'REDACTED'
    'x-ms-file-attributes': 'REDACTED'
    'x-ms-file-creation-time': 'REDACTED'
    'x-ms-file-last-write-time': 'REDACTED'
    'Accept': 'application/xml'
    'User-Agent': 'azsdk-python-storage-file-share/12.20.1 Python/3.9.6 (macOS-15.1-arm64-arm-64bit)'
    'x-ms-date': 'REDACTED'
    'x-ms-client-request-id': 'cf6404e2-eb67-11ef-91c9-6241a593cdd7'
    'Authorization': 'REDACTED'
No body was attached to the request
2025-02-15 12:10:57,558 - INFO - Response status: 201
Response headers:
    'Content-Length': '0'
    'Last-Modified': 'Sat, 15 Feb 2025 06:40:57 GMT'
    'ETag': '"0x8DD4D8BB41AE6AF"'
    'Server': 'Windows-Azure-File/1.0 Microsoft-HTTPAPI/2.0'
    'x-ms-request-id': '9a42851d-001a-0036-4074-7f9c64000000'
    'x-ms-client-request-id': 'cf6404e2-eb67-11ef-91c9-6241a593cdd7'
    'x-ms-version': 'REDACTED'
    'x-ms-file-change-time': 'REDACTED'
    'x-ms-file-last-write-time': 'REDACTED'
    'x-ms-file-creation-time': 'REDACTED'
    'x-ms-file-permission-key': 'REDACTED'
    'x-ms-file-attributes': 'REDACTED'
    'x-ms-file-id': 'REDACTED'
    'x-ms-file-parent-id': 'REDACTED'
    'x-ms-request-server-encrypted': 'REDACTED'
    'Date': 'Sat, 15 Feb 2025 06:40:56 GMT'
2025-02-15 12:10:57,563 - INFO - Request URL: 'https://customerchurnsource.file.core.windows.net/customerchurnsource/batch_6_20250215_121056.csv?comp=REDACTED'
Request method: 'PUT'
Request headers:
    'Content-Length': '365254'
    'x-ms-range': 'REDACTED'
    'x-ms-write': 'REDACTED'
    'x-ms-version': 'REDACTED'
    'Content-Type': 'application/octet-stream'
    'Accept': 'application/xml'
    'User-Agent': 'azsdk-python-storage-file-share/12.20.1 Python/3.9.6 (macOS-15.1-arm64-arm-64bit)'
    'x-ms-date': 'REDACTED'
    'x-ms-client-request-id': 'd0008006-eb67-11ef-91c9-6241a593cdd7'
    'Authorization': 'REDACTED'
A body is sent with the request
2025-02-15 12:10:58,818 - INFO - Response status: 201
Response headers:
    'Content-Length': '0'
    'Content-MD5': 'REDACTED'
    'Last-Modified': 'Sat, 15 Feb 2025 06:40:58 GMT'
    'ETag': '"0x8DD4D8BB4D9DD3D"'
    'Server': 'Windows-Azure-File/1.0 Microsoft-HTTPAPI/2.0'
    'x-ms-request-id': '9a428520-001a-0036-4174-7f9c64000000'
    'x-ms-client-request-id': 'd0008006-eb67-11ef-91c9-6241a593cdd7'
    'x-ms-version': 'REDACTED'
    'x-ms-file-last-write-time': 'REDACTED'
    'x-ms-request-server-encrypted': 'REDACTED'
    'Date': 'Sat, 15 Feb 2025 06:40:57 GMT'
2025-02-15 12:10:58,822 - INFO - Batch 6: Uploaded 4042 records in 2.29 seconds
2025-02-15 12:10:58,823 - INFO - Processing batch 7 with 4043 records
2025-02-15 12:10:58,849 - INFO - Request URL: 'https://customerchurnsource.file.core.windows.net/customerchurnsource/batch_7_20250215_121058.csv'
Request method: 'PUT'
Request headers:
    'x-ms-version': 'REDACTED'
    'x-ms-content-length': 'REDACTED'
    'x-ms-type': 'REDACTED'
    'x-ms-file-permission': 'REDACTED'
    'x-ms-file-attributes': 'REDACTED'
    'x-ms-file-creation-time': 'REDACTED'
    'x-ms-file-last-write-time': 'REDACTED'
    'Accept': 'application/xml'
    'User-Agent': 'azsdk-python-storage-file-share/12.20.1 Python/3.9.6 (macOS-15.1-arm64-arm-64bit)'
    'x-ms-date': 'REDACTED'
    'x-ms-client-request-id': 'd0c4cd9e-eb67-11ef-91c9-6241a593cdd7'
    'Authorization': 'REDACTED'
No body was attached to the request
2025-02-15 12:10:59,867 - INFO - Response status: 201
Response headers:
    'Content-Length': '0'
    'Last-Modified': 'Sat, 15 Feb 2025 06:40:59 GMT'
    'ETag': '"0x8DD4D8BB57B0CF6"'
    'Server': 'Windows-Azure-File/1.0 Microsoft-HTTPAPI/2.0'
    'x-ms-request-id': 'a69a000e-e01a-005c-7074-7f444c000000'
    'x-ms-client-request-id': 'd0c4cd9e-eb67-11ef-91c9-6241a593cdd7'
    'x-ms-version': 'REDACTED'
    'x-ms-file-change-time': 'REDACTED'
    'x-ms-file-last-write-time': 'REDACTED'
    'x-ms-file-creation-time': 'REDACTED'
    'x-ms-file-permission-key': 'REDACTED'
    'x-ms-file-attributes': 'REDACTED'
    'x-ms-file-id': 'REDACTED'
    'x-ms-file-parent-id': 'REDACTED'
    'x-ms-request-server-encrypted': 'REDACTED'
    'Date': 'Sat, 15 Feb 2025 06:40:58 GMT'
2025-02-15 12:10:59,871 - INFO - Request URL: 'https://customerchurnsource.file.core.windows.net/customerchurnsource/batch_7_20250215_121058.csv?comp=REDACTED'
Request method: 'PUT'
Request headers:
    'Content-Length': '365505'
    'x-ms-range': 'REDACTED'
    'x-ms-write': 'REDACTED'
    'x-ms-version': 'REDACTED'
    'Content-Type': 'application/octet-stream'
    'Accept': 'application/xml'
    'User-Agent': 'azsdk-python-storage-file-share/12.20.1 Python/3.9.6 (macOS-15.1-arm64-arm-64bit)'
    'x-ms-date': 'REDACTED'
    'x-ms-client-request-id': 'd160b862-eb67-11ef-91c9-6241a593cdd7'
    'Authorization': 'REDACTED'
A body is sent with the request
2025-02-15 12:11:01,129 - INFO - Response status: 201
Response headers:
    'Content-Length': '0'
    'Content-MD5': 'REDACTED'
    'Last-Modified': 'Sat, 15 Feb 2025 06:41:00 GMT'
    'ETag': '"0x8DD4D8BB63B13A8"'
    'Server': 'Windows-Azure-File/1.0 Microsoft-HTTPAPI/2.0'
    'x-ms-request-id': 'a69a0011-e01a-005c-7174-7f444c000000'
    'x-ms-client-request-id': 'd160b862-eb67-11ef-91c9-6241a593cdd7'
    'x-ms-version': 'REDACTED'
    'x-ms-file-last-write-time': 'REDACTED'
    'x-ms-request-server-encrypted': 'REDACTED'
    'Date': 'Sat, 15 Feb 2025 06:41:00 GMT'
2025-02-15 12:11:01,136 - INFO - Batch 7: Uploaded 4043 records in 2.29 seconds
2025-02-15 12:11:01,136 - INFO - Processing batch 8 with 4042 records
2025-02-15 12:11:01,162 - INFO - Request URL: 'https://customerchurnsource.file.core.windows.net/customerchurnsource/batch_8_20250215_121101.csv'
Request method: 'PUT'
Request headers:
    'x-ms-version': 'REDACTED'
    'x-ms-content-length': 'REDACTED'
    'x-ms-type': 'REDACTED'
    'x-ms-file-permission': 'REDACTED'
    'x-ms-file-attributes': 'REDACTED'
    'x-ms-file-creation-time': 'REDACTED'
    'x-ms-file-last-write-time': 'REDACTED'
    'Accept': 'application/xml'
    'User-Agent': 'azsdk-python-storage-file-share/12.20.1 Python/3.9.6 (macOS-15.1-arm64-arm-64bit)'
    'x-ms-date': 'REDACTED'
    'x-ms-client-request-id': 'd225ce2c-eb67-11ef-91c9-6241a593cdd7'
    'Authorization': 'REDACTED'
No body was attached to the request
2025-02-15 12:11:02,182 - INFO - Response status: 201
Response headers:
    'Content-Length': '0'
    'Last-Modified': 'Sat, 15 Feb 2025 06:41:02 GMT'
    'ETag': '"0x8DD4D8BB6DC6A54"'
    'Server': 'Windows-Azure-File/1.0 Microsoft-HTTPAPI/2.0'
    'x-ms-request-id': '6bf6ffdc-c01a-004b-8074-7fed47000000'
    'x-ms-client-request-id': 'd225ce2c-eb67-11ef-91c9-6241a593cdd7'
    'x-ms-version': 'REDACTED'
    'x-ms-file-change-time': 'REDACTED'
    'x-ms-file-last-write-time': 'REDACTED'
    'x-ms-file-creation-time': 'REDACTED'
    'x-ms-file-permission-key': 'REDACTED'
    'x-ms-file-attributes': 'REDACTED'
    'x-ms-file-id': 'REDACTED'
    'x-ms-file-parent-id': 'REDACTED'
    'x-ms-request-server-encrypted': 'REDACTED'
    'Date': 'Sat, 15 Feb 2025 06:41:01 GMT'
2025-02-15 12:11:02,184 - INFO - Request URL: 'https://customerchurnsource.file.core.windows.net/customerchurnsource/batch_8_20250215_121101.csv?comp=REDACTED'
Request method: 'PUT'
Request headers:
    'Content-Length': '365765'
    'x-ms-range': 'REDACTED'
    'x-ms-write': 'REDACTED'
    'x-ms-version': 'REDACTED'
    'Content-Type': 'application/octet-stream'
    'Accept': 'application/xml'
    'User-Agent': 'azsdk-python-storage-file-share/12.20.1 Python/3.9.6 (macOS-15.1-arm64-arm-64bit)'
    'x-ms-date': 'REDACTED'
    'x-ms-client-request-id': 'd2c1b508-eb67-11ef-91c9-6241a593cdd7'
    'Authorization': 'REDACTED'
A body is sent with the request
2025-02-15 12:11:03,442 - INFO - Response status: 201
Response headers:
    'Content-Length': '0'
    'Content-MD5': 'REDACTED'
    'Last-Modified': 'Sat, 15 Feb 2025 06:41:03 GMT'
    'ETag': '"0x8DD4D8BB79C2347"'
    'Server': 'Windows-Azure-File/1.0 Microsoft-HTTPAPI/2.0'
    'x-ms-request-id': '6bf6ffdf-c01a-004b-0174-7fed47000000'
    'x-ms-client-request-id': 'd2c1b508-eb67-11ef-91c9-6241a593cdd7'
    'x-ms-version': 'REDACTED'
    'x-ms-file-last-write-time': 'REDACTED'
    'x-ms-request-server-encrypted': 'REDACTED'
    'Date': 'Sat, 15 Feb 2025 06:41:02 GMT'
2025-02-15 12:11:03,448 - INFO - Batch 8: Uploaded 4042 records in 2.29 seconds
2025-02-15 12:11:03,449 - INFO - File Share ingestion completed
2025-02-15 12:11:03,451 - INFO - Successfully processed batches: [5, 6, 7, 8]
2025-02-15 12:11:10,597 - INFO - Fetched 16172 records from DB
2025-02-15 12:11:10,599 - INFO - Request URL: 'https://churndest.blob.core.windows.net/customerchurn?restype=REDACTED'
Request method: 'PUT'
Request headers:
    'x-ms-version': 'REDACTED'
    'Accept': 'application/xml'
    'User-Agent': 'azsdk-python-storage-blob/12.24.1 Python/3.9.6 (macOS-15.1-arm64-arm-64bit)'
    'x-ms-date': 'REDACTED'
    'x-ms-client-request-id': 'd7c5b5fe-eb67-11ef-91c9-6241a593cdd7'
    'Authorization': 'REDACTED'
No body was attached to the request
2025-02-15 12:11:11,745 - INFO - Response status: 409
Response headers:
    'Content-Length': '230'
    'Content-Type': 'application/xml'
    'Server': 'Windows-Azure-Blob/1.0 Microsoft-HTTPAPI/2.0'
    'x-ms-request-id': 'a1287d70-a01e-0019-3074-7fe02f000000'
    'x-ms-client-request-id': 'd7c5b5fe-eb67-11ef-91c9-6241a593cdd7'
    'x-ms-version': 'REDACTED'
    'x-ms-error-code': 'ContainerAlreadyExists'
    'Date': 'Sat, 15 Feb 2025 06:41:11 GMT'
2025-02-15 12:11:11,747 - INFO - Using existing container: customerchurn
2025-02-15 12:11:11,812 - INFO - Request URL: 'https://churndest.blob.core.windows.net/customerchurn/source%3Ddb/year%3D2025/month%3D02/day%3D15/hour%3D12/data_20250215_121111.csv'
Request method: 'PUT'
Request headers:
    'Content-Length': '1583467'
    'x-ms-blob-type': 'REDACTED'
    'x-ms-version': 'REDACTED'
    'Content-Type': 'application/octet-stream'
    'Accept': 'application/xml'
    'User-Agent': 'azsdk-python-storage-blob/12.24.1 Python/3.9.6 (macOS-15.1-arm64-arm-64bit)'
    'x-ms-date': 'REDACTED'
    'x-ms-client-request-id': 'd87ececc-eb67-11ef-91c9-6241a593cdd7'
    'Authorization': 'REDACTED'
A body is sent with the request
2025-02-15 12:11:13,700 - INFO - Response status: 201
Response headers:
    'Content-Length': '0'
    'Content-MD5': 'REDACTED'
    'Last-Modified': 'Sat, 15 Feb 2025 06:41:13 GMT'
    'ETag': '"0x8DD4D8BBDBC92E8"'
    'Server': 'Windows-Azure-Blob/1.0 Microsoft-HTTPAPI/2.0'
    'x-ms-request-id': 'a1287dc9-a01e-0019-7174-7fe02f000000'
    'x-ms-client-request-id': 'd87ececc-eb67-11ef-91c9-6241a593cdd7'
    'x-ms-version': 'REDACTED'
    'x-ms-content-crc64': 'REDACTED'
    'x-ms-request-server-encrypted': 'REDACTED'
    'Date': 'Sat, 15 Feb 2025 06:41:13 GMT'
2025-02-15 12:11:13,702 - INFO - Successfully written 16172 records to source=db/year=2025/month=02/day=15/hour=12/data_20250215_121111.csv
2025-02-15 12:11:13,705 - INFO - Request URL: 'https://customerchurnsource.file.core.windows.net/customerchurnsource?restype=REDACTED&comp=REDACTED'
Request method: 'GET'
Request headers:
    'x-ms-version': 'REDACTED'
    'Accept': 'application/xml'
    'User-Agent': 'azsdk-python-storage-file-share/12.20.1 Python/3.9.6 (macOS-15.1-arm64-arm-64bit)'
    'x-ms-date': 'REDACTED'
    'x-ms-client-request-id': 'd99f9f34-eb67-11ef-91c9-6241a593cdd7'
    'Authorization': 'REDACTED'
No body was attached to the request
2025-02-15 12:11:14,742 - INFO - Response status: 200
Response headers:
    'Transfer-Encoding': 'chunked'
    'Content-Type': 'application/xml'
    'Server': 'Windows-Azure-File/1.0 Microsoft-HTTPAPI/2.0'
    'x-ms-request-id': 'af5b6238-601a-001f-4e74-7fa210000000'
    'x-ms-client-request-id': 'd99f9f34-eb67-11ef-91c9-6241a593cdd7'
    'x-ms-version': 'REDACTED'
    'Date': 'Sat, 15 Feb 2025 06:41:13 GMT'
2025-02-15 12:11:14,745 - INFO - Request URL: 'https://customerchurnsource.file.core.windows.net/customerchurnsource/batch_5_20250215_121053.csv'
Request method: 'GET'
Request headers:
    'x-ms-version': 'REDACTED'
    'x-ms-range': 'REDACTED'
    'Accept': 'application/xml'
    'User-Agent': 'azsdk-python-storage-file-share/12.20.1 Python/3.9.6 (macOS-15.1-arm64-arm-64bit)'
    'x-ms-date': 'REDACTED'
    'x-ms-client-request-id': 'da3e5bec-eb67-11ef-91c9-6241a593cdd7'
    'Authorization': 'REDACTED'
No body was attached to the request
2025-02-15 12:11:15,009 - INFO - Response status: 206
Response headers:
    'Content-Length': '365255'
    'Content-Type': 'application/octet-stream'
    'Content-Range': 'REDACTED'
    'Last-Modified': 'Sat, 15 Feb 2025 06:40:56 GMT'
    'Accept-Ranges': 'REDACTED'
    'ETag': '"0x8DD4D8BB379DDDA"'
    'Server': 'Windows-Azure-File/1.0 Microsoft-HTTPAPI/2.0'
    'x-ms-request-id': 'af5b623b-601a-001f-4f74-7fa210000000'
    'x-ms-client-request-id': 'da3e5bec-eb67-11ef-91c9-6241a593cdd7'
    'x-ms-version': 'REDACTED'
    'x-ms-type': 'REDACTED'
    'x-ms-server-encrypted': 'REDACTED'
    'x-ms-lease-status': 'REDACTED'
    'x-ms-lease-state': 'REDACTED'
    'x-ms-file-change-time': 'REDACTED'
    'x-ms-file-last-write-time': 'REDACTED'
    'x-ms-file-creation-time': 'REDACTED'
    'x-ms-file-id': 'REDACTED'
    'x-ms-file-parent-id': 'REDACTED'
    'x-ms-file-permission-key': 'REDACTED'
    'x-ms-file-attributes': 'REDACTED'
    'Date': 'Sat, 15 Feb 2025 06:41:14 GMT'
2025-02-15 12:11:16,014 - INFO - Read file: batch_5_20250215_121053.csv
2025-02-15 12:11:16,016 - INFO - Request URL: 'https://customerchurnsource.file.core.windows.net/customerchurnsource/batch_6_20250215_121056.csv'
Request method: 'GET'
Request headers:
    'x-ms-version': 'REDACTED'
    'x-ms-range': 'REDACTED'
    'Accept': 'application/xml'
    'User-Agent': 'azsdk-python-storage-file-share/12.20.1 Python/3.9.6 (macOS-15.1-arm64-arm-64bit)'
    'x-ms-date': 'REDACTED'
    'x-ms-client-request-id': 'db0042ca-eb67-11ef-91c9-6241a593cdd7'
    'Authorization': 'REDACTED'
No body was attached to the request
2025-02-15 12:11:16,277 - INFO - Response status: 206
Response headers:
    'Content-Length': '365254'
    'Content-Type': 'application/octet-stream'
    'Content-Range': 'REDACTED'
    'Last-Modified': 'Sat, 15 Feb 2025 06:40:58 GMT'
    'Accept-Ranges': 'REDACTED'
    'ETag': '"0x8DD4D8BB4D9DD3D"'
    'Server': 'Windows-Azure-File/1.0 Microsoft-HTTPAPI/2.0'
    'x-ms-request-id': 'af5b6243-601a-001f-5474-7fa210000000'
    'x-ms-client-request-id': 'db0042ca-eb67-11ef-91c9-6241a593cdd7'
    'x-ms-version': 'REDACTED'
    'x-ms-type': 'REDACTED'
    'x-ms-server-encrypted': 'REDACTED'
    'x-ms-lease-status': 'REDACTED'
    'x-ms-lease-state': 'REDACTED'
    'x-ms-file-change-time': 'REDACTED'
    'x-ms-file-last-write-time': 'REDACTED'
    'x-ms-file-creation-time': 'REDACTED'
    'x-ms-file-id': 'REDACTED'
    'x-ms-file-parent-id': 'REDACTED'
    'x-ms-file-permission-key': 'REDACTED'
    'x-ms-file-attributes': 'REDACTED'
    'Date': 'Sat, 15 Feb 2025 06:41:15 GMT'
2025-02-15 12:11:16,533 - INFO - Read file: batch_6_20250215_121056.csv
2025-02-15 12:11:16,535 - INFO - Request URL: 'https://customerchurnsource.file.core.windows.net/customerchurnsource/batch_7_20250215_121058.csv'
Request method: 'GET'
Request headers:
    'x-ms-version': 'REDACTED'
    'x-ms-range': 'REDACTED'
    'Accept': 'application/xml'
    'User-Agent': 'azsdk-python-storage-file-share/12.20.1 Python/3.9.6 (macOS-15.1-arm64-arm-64bit)'
    'x-ms-date': 'REDACTED'
    'x-ms-client-request-id': 'db4f6b02-eb67-11ef-91c9-6241a593cdd7'
    'Authorization': 'REDACTED'
No body was attached to the request
2025-02-15 12:11:16,817 - INFO - Response status: 206
Response headers:
    'Content-Length': '365505'
    'Content-Type': 'application/octet-stream'
    'Content-Range': 'REDACTED'
    'Last-Modified': 'Sat, 15 Feb 2025 06:41:00 GMT'
    'Accept-Ranges': 'REDACTED'
    'ETag': '"0x8DD4D8BB63B13A8"'
    'Server': 'Windows-Azure-File/1.0 Microsoft-HTTPAPI/2.0'
    'x-ms-request-id': 'af5b6246-601a-001f-5674-7fa210000000'
    'x-ms-client-request-id': 'db4f6b02-eb67-11ef-91c9-6241a593cdd7'
    'x-ms-version': 'REDACTED'
    'x-ms-type': 'REDACTED'
    'x-ms-server-encrypted': 'REDACTED'
    'x-ms-lease-status': 'REDACTED'
    'x-ms-lease-state': 'REDACTED'
    'x-ms-file-change-time': 'REDACTED'
    'x-ms-file-last-write-time': 'REDACTED'
    'x-ms-file-creation-time': 'REDACTED'
    'x-ms-file-id': 'REDACTED'
    'x-ms-file-parent-id': 'REDACTED'
    'x-ms-file-permission-key': 'REDACTED'
    'x-ms-file-attributes': 'REDACTED'
    'Date': 'Sat, 15 Feb 2025 06:41:15 GMT'
2025-02-15 12:11:17,071 - INFO - Read file: batch_7_20250215_121058.csv
2025-02-15 12:11:17,073 - INFO - Request URL: 'https://customerchurnsource.file.core.windows.net/customerchurnsource/batch_8_20250215_121101.csv'
Request method: 'GET'
Request headers:
    'x-ms-version': 'REDACTED'
    'x-ms-range': 'REDACTED'
    'Accept': 'application/xml'
    'User-Agent': 'azsdk-python-storage-file-share/12.20.1 Python/3.9.6 (macOS-15.1-arm64-arm-64bit)'
    'x-ms-date': 'REDACTED'
    'x-ms-client-request-id': 'dba192a6-eb67-11ef-91c9-6241a593cdd7'
    'Authorization': 'REDACTED'
No body was attached to the request
2025-02-15 12:11:17,357 - INFO - Response status: 206
Response headers:
    'Content-Length': '365765'
    'Content-Type': 'application/octet-stream'
    'Content-Range': 'REDACTED'
    'Last-Modified': 'Sat, 15 Feb 2025 06:41:03 GMT'
    'Accept-Ranges': 'REDACTED'
    'ETag': '"0x8DD4D8BB79C2347"'
    'Server': 'Windows-Azure-File/1.0 Microsoft-HTTPAPI/2.0'
    'x-ms-request-id': 'af5b62de-601a-001f-5774-7fa210000000'
    'x-ms-client-request-id': 'dba192a6-eb67-11ef-91c9-6241a593cdd7'
    'x-ms-version': 'REDACTED'
    'x-ms-type': 'REDACTED'
    'x-ms-server-encrypted': 'REDACTED'
    'x-ms-lease-status': 'REDACTED'
    'x-ms-lease-state': 'REDACTED'
    'x-ms-file-change-time': 'REDACTED'
    'x-ms-file-last-write-time': 'REDACTED'
    'x-ms-file-creation-time': 'REDACTED'
    'x-ms-file-id': 'REDACTED'
    'x-ms-file-parent-id': 'REDACTED'
    'x-ms-file-permission-key': 'REDACTED'
    'x-ms-file-attributes': 'REDACTED'
    'Date': 'Sat, 15 Feb 2025 06:41:16 GMT'
2025-02-15 12:11:17,619 - INFO - Read file: batch_8_20250215_121101.csv
2025-02-15 12:11:17,622 - INFO - Fetched 16170 total records from File Share
2025-02-15 12:11:17,624 - INFO - Request URL: 'https://churndest.blob.core.windows.net/customerchurn?restype=REDACTED'
Request method: 'PUT'
Request headers:
    'x-ms-version': 'REDACTED'
    'Accept': 'application/xml'
    'User-Agent': 'azsdk-python-storage-blob/12.24.1 Python/3.9.6 (macOS-15.1-arm64-arm-64bit)'
    'x-ms-date': 'REDACTED'
    'x-ms-client-request-id': 'dbf5a9b8-eb67-11ef-91c9-6241a593cdd7'
    'Authorization': 'REDACTED'
No body was attached to the request
2025-02-15 12:11:18,537 - INFO - Response status: 409
Response headers:
    'Content-Length': '230'
    'Content-Type': 'application/xml'
    'Server': 'Windows-Azure-Blob/1.0 Microsoft-HTTPAPI/2.0'
    'x-ms-request-id': 'b24ce8ed-001e-0086-0374-7fac2d000000'
    'x-ms-client-request-id': 'dbf5a9b8-eb67-11ef-91c9-6241a593cdd7'
    'x-ms-version': 'REDACTED'
    'x-ms-error-code': 'ContainerAlreadyExists'
    'Date': 'Sat, 15 Feb 2025 06:41:17 GMT'
2025-02-15 12:11:18,539 - INFO - Using existing container: customerchurn
2025-02-15 12:11:18,599 - INFO - Request URL: 'https://churndest.blob.core.windows.net/customerchurn/source%3Dfileshare/year%3D2025/month%3D02/day%3D15/hour%3D12/data_20250215_121118.csv'
Request method: 'PUT'
Request headers:
    'Content-Length': '1461332'
    'x-ms-blob-type': 'REDACTED'
    'x-ms-version': 'REDACTED'
    'Content-Type': 'application/octet-stream'
    'Accept': 'application/xml'
    'User-Agent': 'azsdk-python-storage-blob/12.24.1 Python/3.9.6 (macOS-15.1-arm64-arm-64bit)'
    'x-ms-date': 'REDACTED'
    'x-ms-client-request-id': 'dc8a794e-eb67-11ef-91c9-6241a593cdd7'
    'Authorization': 'REDACTED'
A body is sent with the request
2025-02-15 12:11:20,221 - INFO - Response status: 201
Response headers:
    'Content-Length': '0'
    'Content-MD5': 'REDACTED'
    'Last-Modified': 'Sat, 15 Feb 2025 06:41:20 GMT'
    'ETag': '"0x8DD4D8BC19FFA48"'
    'Server': 'Windows-Azure-Blob/1.0 Microsoft-HTTPAPI/2.0'
    'x-ms-request-id': 'b24ce91e-001e-0086-3174-7fac2d000000'
    'x-ms-client-request-id': 'dc8a794e-eb67-11ef-91c9-6241a593cdd7'
    'x-ms-version': 'REDACTED'
    'x-ms-content-crc64': 'REDACTED'
    'x-ms-request-server-encrypted': 'REDACTED'
    'Date': 'Sat, 15 Feb 2025 06:41:19 GMT'
2025-02-15 12:11:20,223 - INFO - Successfully written 16170 records to source=fileshare/year=2025/month=02/day=15/hour=12/data_20250215_121118.csv
2025-02-15 12:11:20,236 - INFO - Request URL: 'https://churndest.blob.core.windows.net/customerchurn?restype=REDACTED&comp=REDACTED'
Request method: 'GET'
Request headers:
    'x-ms-version': 'REDACTED'
    'Accept': 'application/xml'
    'User-Agent': 'azsdk-python-storage-blob/12.24.1 Python/3.9.6 (macOS-15.1-arm64-arm-64bit)'
    'x-ms-date': 'REDACTED'
    'x-ms-client-request-id': 'dd842e44-eb67-11ef-91c9-6241a593cdd7'
    'Authorization': 'REDACTED'
No body was attached to the request
2025-02-15 12:11:21,373 - INFO - Response status: 200
Response headers:
    'Transfer-Encoding': 'chunked'
    'Content-Type': 'application/xml'
    'Server': 'Windows-Azure-Blob/1.0 Microsoft-HTTPAPI/2.0'
    'x-ms-request-id': '5347ec94-301e-0024-4f74-7f9634000000'
    'x-ms-client-request-id': 'dd842e44-eb67-11ef-91c9-6241a593cdd7'
    'x-ms-version': 'REDACTED'
    'Date': 'Sat, 15 Feb 2025 06:41:20 GMT'
2025-02-15 12:11:21,383 - INFO - Request URL: 'https://churndest.blob.core.windows.net/customerchurn/source%3Ddb/year%3D2025/month%3D02/day%3D15/hour%3D12/data_20250215_120708.csv'
Request method: 'GET'
Request headers:
    'x-ms-range': 'REDACTED'
    'x-ms-version': 'REDACTED'
    'Accept': 'application/xml'
    'User-Agent': 'azsdk-python-storage-blob/12.24.1 Python/3.9.6 (macOS-15.1-arm64-arm-64bit)'
    'x-ms-date': 'REDACTED'
    'x-ms-client-request-id': 'de3341b8-eb67-11ef-91c9-6241a593cdd7'
    'Authorization': 'REDACTED'
No body was attached to the request
2025-02-15 12:11:21,625 - INFO - Response status: 206
Response headers:
    'Content-Length': '1583467'
    'Content-Type': 'application/octet-stream'
    'Content-Range': 'REDACTED'
    'Last-Modified': 'Sat, 15 Feb 2025 06:37:10 GMT'
    'Accept-Ranges': 'REDACTED'
    'ETag': '"0x8DD4D8B2CB5E040"'
    'Server': 'Windows-Azure-Blob/1.0 Microsoft-HTTPAPI/2.0'
    'x-ms-request-id': '5347ecc4-301e-0024-7974-7f9634000000'
    'x-ms-client-request-id': 'de3341b8-eb67-11ef-91c9-6241a593cdd7'
    'x-ms-version': 'REDACTED'
    'x-ms-resource-type': 'REDACTED'
    'x-ms-creation-time': 'REDACTED'
    'x-ms-blob-content-md5': 'REDACTED'
    'x-ms-lease-status': 'REDACTED'
    'x-ms-lease-state': 'REDACTED'
    'x-ms-blob-type': 'REDACTED'
    'x-ms-server-encrypted': 'REDACTED'
    'x-ms-owner': 'REDACTED'
    'x-ms-group': 'REDACTED'
    'x-ms-permissions': 'REDACTED'
    'x-ms-acl': 'REDACTED'
    'Date': 'Sat, 15 Feb 2025 06:41:21 GMT'
2025-02-15 12:11:23,407 - INFO - Read: source=db/year=2025/month=02/day=15/hour=12/data_20250215_120708.csv
2025-02-15 12:11:23,409 - INFO - Request URL: 'https://churndest.blob.core.windows.net/customerchurn/source%3Ddb/year%3D2025/month%3D02/day%3D15/hour%3D12/data_20250215_121111.csv'
Request method: 'GET'
Request headers:
    'x-ms-range': 'REDACTED'
    'x-ms-version': 'REDACTED'
    'Accept': 'application/xml'
    'User-Agent': 'azsdk-python-storage-blob/12.24.1 Python/3.9.6 (macOS-15.1-arm64-arm-64bit)'
    'x-ms-date': 'REDACTED'
    'x-ms-client-request-id': 'df685bb8-eb67-11ef-91c9-6241a593cdd7'
    'Authorization': 'REDACTED'
No body was attached to the request
2025-02-15 12:11:23,645 - INFO - Response status: 206
Response headers:
    'Content-Length': '1583467'
    'Content-Type': 'application/octet-stream'
    'Content-Range': 'REDACTED'
    'Last-Modified': 'Sat, 15 Feb 2025 06:41:13 GMT'
    'Accept-Ranges': 'REDACTED'
    'ETag': '"0x8DD4D8BBDBC92E8"'
    'Server': 'Windows-Azure-Blob/1.0 Microsoft-HTTPAPI/2.0'
    'x-ms-request-id': '5347edb5-301e-0024-6574-7f9634000000'
    'x-ms-client-request-id': 'df685bb8-eb67-11ef-91c9-6241a593cdd7'
    'x-ms-version': 'REDACTED'
    'x-ms-resource-type': 'REDACTED'
    'x-ms-creation-time': 'REDACTED'
    'x-ms-blob-content-md5': 'REDACTED'
    'x-ms-lease-status': 'REDACTED'
    'x-ms-lease-state': 'REDACTED'
    'x-ms-blob-type': 'REDACTED'
    'x-ms-server-encrypted': 'REDACTED'
    'x-ms-owner': 'REDACTED'
    'x-ms-group': 'REDACTED'
    'x-ms-permissions': 'REDACTED'
    'x-ms-acl': 'REDACTED'
    'Date': 'Sat, 15 Feb 2025 06:41:23 GMT'
2025-02-15 12:11:24,121 - INFO - Read: source=db/year=2025/month=02/day=15/hour=12/data_20250215_121111.csv
2025-02-15 12:11:24,122 - INFO - Request URL: 'https://churndest.blob.core.windows.net/customerchurn/source%3Dfileshare/year%3D2025/month%3D02/day%3D15/hour%3D12/data_20250215_121118.csv'
Request method: 'GET'
Request headers:
    'x-ms-range': 'REDACTED'
    'x-ms-version': 'REDACTED'
    'Accept': 'application/xml'
    'User-Agent': 'azsdk-python-storage-blob/12.24.1 Python/3.9.6 (macOS-15.1-arm64-arm-64bit)'
    'x-ms-date': 'REDACTED'
    'x-ms-client-request-id': 'dfd5336e-eb67-11ef-91c9-6241a593cdd7'
    'Authorization': 'REDACTED'
No body was attached to the request
2025-02-15 12:11:24,359 - INFO - Response status: 206
Response headers:
    'Content-Length': '1461332'
    'Content-Type': 'application/octet-stream'
    'Content-Range': 'REDACTED'
    'Last-Modified': 'Sat, 15 Feb 2025 06:41:20 GMT'
    'Accept-Ranges': 'REDACTED'
    'ETag': '"0x8DD4D8BC19FFA48"'
    'Server': 'Windows-Azure-Blob/1.0 Microsoft-HTTPAPI/2.0'
    'x-ms-request-id': '5347ee7b-301e-0024-2674-7f9634000000'
    'x-ms-client-request-id': 'dfd5336e-eb67-11ef-91c9-6241a593cdd7'
    'x-ms-version': 'REDACTED'
    'x-ms-resource-type': 'REDACTED'
    'x-ms-creation-time': 'REDACTED'
    'x-ms-blob-content-md5': 'REDACTED'
    'x-ms-lease-status': 'REDACTED'
    'x-ms-lease-state': 'REDACTED'
    'x-ms-blob-type': 'REDACTED'
    'x-ms-server-encrypted': 'REDACTED'
    'x-ms-owner': 'REDACTED'
    'x-ms-group': 'REDACTED'
    'x-ms-permissions': 'REDACTED'
    'x-ms-acl': 'REDACTED'
    'Date': 'Sat, 15 Feb 2025 06:41:24 GMT'
2025-02-15 12:11:24,833 - INFO - Read: source=fileshare/year=2025/month=02/day=15/hour=12/data_20250215_121118.csv
2025-02-15 13:47:13,522 - INFO - Request URL: 'https://churndest.blob.core.windows.net/customerchurn?restype=REDACTED&comp=REDACTED'
Request method: 'GET'
Request headers:
    'x-ms-version': 'REDACTED'
    'Accept': 'application/xml'
    'User-Agent': 'azsdk-python-storage-blob/12.24.1 Python/3.9.6 (macOS-15.1-arm64-arm-64bit)'
    'x-ms-date': 'REDACTED'
    'x-ms-client-request-id': '42bdf558-eb75-11ef-91c9-6241a593cdd7'
    'Authorization': 'REDACTED'
No body was attached to the request
2025-02-15 13:47:17,504 - INFO - Response status: 404
Response headers:
    'Content-Length': '225'
    'Content-Type': 'application/xml'
    'Server': 'Windows-Azure-Blob/1.0 Microsoft-HTTPAPI/2.0'
    'x-ms-request-id': '276081f0-f01e-00ad-5482-7f2ce1000000'
    'x-ms-client-request-id': '42bdf558-eb75-11ef-91c9-6241a593cdd7'
    'x-ms-version': 'REDACTED'
    'x-ms-error-code': 'ContainerNotFound'
    'Date': 'Sat, 15 Feb 2025 08:17:17 GMT'
2025-02-15 13:47:51,894 - ERROR - DB fetch failed: (pyodbc.OperationalError) ('HYT00', '[HYT00] [Microsoft][ODBC Driver 18 for SQL Server]Login timeout expired (0) (SQLDriverConnect)')
(Background on this error at: https://sqlalche.me/e/20/e3q8)
2025-02-15 13:47:51,899 - INFO - Request URL: 'https://customerchurnsource.file.core.windows.net/customerchurnsource?restype=REDACTED&comp=REDACTED'
Request method: 'GET'
Request headers:
    'x-ms-version': 'REDACTED'
    'Accept': 'application/xml'
    'User-Agent': 'azsdk-python-storage-file-share/12.20.1 Python/3.9.6 (macOS-15.1-arm64-arm-64bit)'
    'x-ms-date': 'REDACTED'
    'x-ms-client-request-id': '599dde32-eb75-11ef-91c9-6241a593cdd7'
    'Authorization': 'REDACTED'
No body was attached to the request
2025-02-15 13:47:53,381 - INFO - Response status: 200
Response headers:
    'Transfer-Encoding': 'chunked'
    'Content-Type': 'application/xml'
    'Server': 'Windows-Azure-File/1.0 Microsoft-HTTPAPI/2.0'
    'x-ms-request-id': '181b984a-001a-0009-1c82-7f54c7000000'
    'x-ms-client-request-id': '599dde32-eb75-11ef-91c9-6241a593cdd7'
    'x-ms-version': 'REDACTED'
    'Date': 'Sat, 15 Feb 2025 08:17:52 GMT'
2025-02-15 13:47:53,386 - INFO - Request URL: 'https://customerchurnsource.file.core.windows.net/customerchurnsource/batch_5_20250215_121053.csv'
Request method: 'GET'
Request headers:
    'x-ms-version': 'REDACTED'
    'x-ms-range': 'REDACTED'
    'Accept': 'application/xml'
    'User-Agent': 'azsdk-python-storage-file-share/12.20.1 Python/3.9.6 (macOS-15.1-arm64-arm-64bit)'
    'x-ms-date': 'REDACTED'
    'x-ms-client-request-id': '5a80af82-eb75-11ef-91c9-6241a593cdd7'
    'Authorization': 'REDACTED'
No body was attached to the request
2025-02-15 13:47:53,704 - INFO - Response status: 206
Response headers:
    'Content-Length': '365255'
    'Content-Type': 'application/octet-stream'
    'Content-Range': 'REDACTED'
    'Last-Modified': 'Sat, 15 Feb 2025 06:40:56 GMT'
    'Accept-Ranges': 'REDACTED'
    'ETag': '"0x8DD4D8BB379DDDA"'
    'Server': 'Windows-Azure-File/1.0 Microsoft-HTTPAPI/2.0'
    'x-ms-request-id': '181b984d-001a-0009-1d82-7f54c7000000'
    'x-ms-client-request-id': '5a80af82-eb75-11ef-91c9-6241a593cdd7'
    'x-ms-version': 'REDACTED'
    'x-ms-type': 'REDACTED'
    'x-ms-server-encrypted': 'REDACTED'
    'x-ms-lease-status': 'REDACTED'
    'x-ms-lease-state': 'REDACTED'
    'x-ms-file-change-time': 'REDACTED'
    'x-ms-file-last-write-time': 'REDACTED'
    'x-ms-file-creation-time': 'REDACTED'
    'x-ms-file-id': 'REDACTED'
    'x-ms-file-parent-id': 'REDACTED'
    'x-ms-file-permission-key': 'REDACTED'
    'x-ms-file-attributes': 'REDACTED'
    'Date': 'Sat, 15 Feb 2025 08:17:52 GMT'
2025-02-15 13:47:54,702 - INFO - Read file: batch_5_20250215_121053.csv
2025-02-15 13:47:54,704 - INFO - Request URL: 'https://customerchurnsource.file.core.windows.net/customerchurnsource/batch_6_20250215_121056.csv'
Request method: 'GET'
Request headers:
    'x-ms-version': 'REDACTED'
    'x-ms-range': 'REDACTED'
    'Accept': 'application/xml'
    'User-Agent': 'azsdk-python-storage-file-share/12.20.1 Python/3.9.6 (macOS-15.1-arm64-arm-64bit)'
    'x-ms-date': 'REDACTED'
    'x-ms-client-request-id': '5b49cef8-eb75-11ef-91c9-6241a593cdd7'
    'Authorization': 'REDACTED'
No body was attached to the request
2025-02-15 13:47:54,967 - INFO - Response status: 206
Response headers:
    'Content-Length': '365254'
    'Content-Type': 'application/octet-stream'
    'Content-Range': 'REDACTED'
    'Last-Modified': 'Sat, 15 Feb 2025 06:40:58 GMT'
    'Accept-Ranges': 'REDACTED'
    'ETag': '"0x8DD4D8BB4D9DD3D"'
    'Server': 'Windows-Azure-File/1.0 Microsoft-HTTPAPI/2.0'
    'x-ms-request-id': '181b984e-001a-0009-1e82-7f54c7000000'
    'x-ms-client-request-id': '5b49cef8-eb75-11ef-91c9-6241a593cdd7'
    'x-ms-version': 'REDACTED'
    'x-ms-type': 'REDACTED'
    'x-ms-server-encrypted': 'REDACTED'
    'x-ms-lease-status': 'REDACTED'
    'x-ms-lease-state': 'REDACTED'
    'x-ms-file-change-time': 'REDACTED'
    'x-ms-file-last-write-time': 'REDACTED'
    'x-ms-file-creation-time': 'REDACTED'
    'x-ms-file-id': 'REDACTED'
    'x-ms-file-parent-id': 'REDACTED'
    'x-ms-file-permission-key': 'REDACTED'
    'x-ms-file-attributes': 'REDACTED'
    'Date': 'Sat, 15 Feb 2025 08:17:54 GMT'
2025-02-15 13:47:55,230 - INFO - Read file: batch_6_20250215_121056.csv
2025-02-15 13:47:55,232 - INFO - Request URL: 'https://customerchurnsource.file.core.windows.net/customerchurnsource/batch_7_20250215_121058.csv'
Request method: 'GET'
Request headers:
    'x-ms-version': 'REDACTED'
    'x-ms-range': 'REDACTED'
    'Accept': 'application/xml'
    'User-Agent': 'azsdk-python-storage-file-share/12.20.1 Python/3.9.6 (macOS-15.1-arm64-arm-64bit)'
    'x-ms-date': 'REDACTED'
    'x-ms-client-request-id': '5b9a6ab6-eb75-11ef-91c9-6241a593cdd7'
    'Authorization': 'REDACTED'
No body was attached to the request
2025-02-15 13:47:55,527 - INFO - Response status: 206
Response headers:
    'Content-Length': '365505'
    'Content-Type': 'application/octet-stream'
    'Content-Range': 'REDACTED'
    'Last-Modified': 'Sat, 15 Feb 2025 06:41:00 GMT'
    'Accept-Ranges': 'REDACTED'
    'ETag': '"0x8DD4D8BB63B13A8"'
    'Server': 'Windows-Azure-File/1.0 Microsoft-HTTPAPI/2.0'
    'x-ms-request-id': '181b9851-001a-0009-1f82-7f54c7000000'
    'x-ms-client-request-id': '5b9a6ab6-eb75-11ef-91c9-6241a593cdd7'
    'x-ms-version': 'REDACTED'
    'x-ms-type': 'REDACTED'
    'x-ms-server-encrypted': 'REDACTED'
    'x-ms-lease-status': 'REDACTED'
    'x-ms-lease-state': 'REDACTED'
    'x-ms-file-change-time': 'REDACTED'
    'x-ms-file-last-write-time': 'REDACTED'
    'x-ms-file-creation-time': 'REDACTED'
    'x-ms-file-id': 'REDACTED'
    'x-ms-file-parent-id': 'REDACTED'
    'x-ms-file-permission-key': 'REDACTED'
    'x-ms-file-attributes': 'REDACTED'
    'Date': 'Sat, 15 Feb 2025 08:17:54 GMT'
2025-02-15 13:47:55,783 - INFO - Read file: batch_7_20250215_121058.csv
2025-02-15 13:47:55,784 - INFO - Request URL: 'https://customerchurnsource.file.core.windows.net/customerchurnsource/batch_8_20250215_121101.csv'
Request method: 'GET'
Request headers:
    'x-ms-version': 'REDACTED'
    'x-ms-range': 'REDACTED'
    'Accept': 'application/xml'
    'User-Agent': 'azsdk-python-storage-file-share/12.20.1 Python/3.9.6 (macOS-15.1-arm64-arm-64bit)'
    'x-ms-date': 'REDACTED'
    'x-ms-client-request-id': '5beea8d8-eb75-11ef-91c9-6241a593cdd7'
    'Authorization': 'REDACTED'
No body was attached to the request
2025-02-15 13:47:56,045 - INFO - Response status: 206
Response headers:
    'Content-Length': '365765'
    'Content-Type': 'application/octet-stream'
    'Content-Range': 'REDACTED'
    'Last-Modified': 'Sat, 15 Feb 2025 06:41:03 GMT'
    'Accept-Ranges': 'REDACTED'
    'ETag': '"0x8DD4D8BB79C2347"'
    'Server': 'Windows-Azure-File/1.0 Microsoft-HTTPAPI/2.0'
    'x-ms-request-id': '181b9852-001a-0009-2082-7f54c7000000'
    'x-ms-client-request-id': '5beea8d8-eb75-11ef-91c9-6241a593cdd7'
    'x-ms-version': 'REDACTED'
    'x-ms-type': 'REDACTED'
    'x-ms-server-encrypted': 'REDACTED'
    'x-ms-lease-status': 'REDACTED'
    'x-ms-lease-state': 'REDACTED'
    'x-ms-file-change-time': 'REDACTED'
    'x-ms-file-last-write-time': 'REDACTED'
    'x-ms-file-creation-time': 'REDACTED'
    'x-ms-file-id': 'REDACTED'
    'x-ms-file-parent-id': 'REDACTED'
    'x-ms-file-permission-key': 'REDACTED'
    'x-ms-file-attributes': 'REDACTED'
    'Date': 'Sat, 15 Feb 2025 08:17:55 GMT'
2025-02-15 13:47:56,301 - INFO - Read file: batch_8_20250215_121101.csv
2025-02-15 13:47:56,304 - INFO - Fetched 16170 total records from File Share
2025-02-15 13:47:56,306 - INFO - Request URL: 'https://churndest.blob.core.windows.net/customerchurn?restype=REDACTED'
Request method: 'PUT'
Request headers:
    'x-ms-version': 'REDACTED'
    'Accept': 'application/xml'
    'User-Agent': 'azsdk-python-storage-blob/12.24.1 Python/3.9.6 (macOS-15.1-arm64-arm-64bit)'
    'x-ms-date': 'REDACTED'
    'x-ms-client-request-id': '5c3e5c5c-eb75-11ef-91c9-6241a593cdd7'
    'Authorization': 'REDACTED'
No body was attached to the request
2025-02-15 13:47:57,230 - INFO - Response status: 201
Response headers:
    'Content-Length': '0'
    'Last-Modified': 'Sat, 15 Feb 2025 08:17:57 GMT'
    'ETag': '"0x8DD4D9940ED3455"'
    'Server': 'Windows-Azure-Blob/1.0 Microsoft-HTTPAPI/2.0'
    'x-ms-request-id': '46012126-501e-006f-7282-7f6a67000000'
    'x-ms-client-request-id': '5c3e5c5c-eb75-11ef-91c9-6241a593cdd7'
    'x-ms-version': 'REDACTED'
    'Date': 'Sat, 15 Feb 2025 08:17:56 GMT'
2025-02-15 13:47:57,232 - INFO - Created new container: customerchurn
2025-02-15 13:47:57,290 - INFO - Request URL: 'https://churndest.blob.core.windows.net/customerchurn/source%3Dfileshare/year%3D2025/month%3D02/day%3D15/hour%3D13/data_20250215_134757.csv'
Request method: 'PUT'
Request headers:
    'Content-Length': '1461332'
    'x-ms-blob-type': 'REDACTED'
    'x-ms-version': 'REDACTED'
    'Content-Type': 'application/octet-stream'
    'Accept': 'application/xml'
    'User-Agent': 'azsdk-python-storage-blob/12.24.1 Python/3.9.6 (macOS-15.1-arm64-arm-64bit)'
    'x-ms-date': 'REDACTED'
    'x-ms-client-request-id': '5cd4716a-eb75-11ef-91c9-6241a593cdd7'
    'Authorization': 'REDACTED'
A body is sent with the request
2025-02-15 13:47:58,934 - INFO - Response status: 201
Response headers:
    'Content-Length': '0'
    'Content-MD5': 'REDACTED'
    'Last-Modified': 'Sat, 15 Feb 2025 08:17:58 GMT'
    'ETag': '"0x8DD4D9941F39FCC"'
    'Server': 'Windows-Azure-Blob/1.0 Microsoft-HTTPAPI/2.0'
    'x-ms-request-id': '46012145-501e-006f-0d82-7f6a67000000'
    'x-ms-client-request-id': '5cd4716a-eb75-11ef-91c9-6241a593cdd7'
    'x-ms-version': 'REDACTED'
    'x-ms-content-crc64': 'REDACTED'
    'x-ms-request-server-encrypted': 'REDACTED'
    'Date': 'Sat, 15 Feb 2025 08:17:58 GMT'
2025-02-15 13:47:58,937 - INFO - Successfully written 16170 records to source=fileshare/year=2025/month=02/day=15/hour=13/data_20250215_134757.csv
2025-02-15 13:48:20,929 - INFO - Request URL: 'https://churndest.blob.core.windows.net/customerchurn?restype=REDACTED&comp=REDACTED'
Request method: 'GET'
Request headers:
    'x-ms-version': 'REDACTED'
    'Accept': 'application/xml'
    'User-Agent': 'azsdk-python-storage-blob/12.24.1 Python/3.9.6 (macOS-15.1-arm64-arm-64bit)'
    'x-ms-date': 'REDACTED'
    'x-ms-client-request-id': '6aeb7262-eb75-11ef-91c9-6241a593cdd7'
    'Authorization': 'REDACTED'
No body was attached to the request
2025-02-15 13:48:22,103 - INFO - Response status: 200
Response headers:
    'Transfer-Encoding': 'chunked'
    'Content-Type': 'application/xml'
    'Server': 'Windows-Azure-Blob/1.0 Microsoft-HTTPAPI/2.0'
    'x-ms-request-id': '0b9b77ca-f01e-0004-0882-7fed93000000'
    'x-ms-client-request-id': '6aeb7262-eb75-11ef-91c9-6241a593cdd7'
    'x-ms-version': 'REDACTED'
    'Date': 'Sat, 15 Feb 2025 08:18:21 GMT'
2025-02-15 13:48:22,106 - INFO - Request URL: 'https://churndest.blob.core.windows.net/customerchurn/source%3Dfileshare/year%3D2025/month%3D02/day%3D15/hour%3D13/data_20250215_134757.csv'
Request method: 'GET'
Request headers:
    'x-ms-range': 'REDACTED'
    'x-ms-version': 'REDACTED'
    'Accept': 'application/xml'
    'User-Agent': 'azsdk-python-storage-blob/12.24.1 Python/3.9.6 (macOS-15.1-arm64-arm-64bit)'
    'x-ms-date': 'REDACTED'
    'x-ms-client-request-id': '6b9f212c-eb75-11ef-91c9-6241a593cdd7'
    'Authorization': 'REDACTED'
No body was attached to the request
2025-02-15 13:48:22,352 - INFO - Response status: 206
Response headers:
    'Content-Length': '1461332'
    'Content-Type': 'application/octet-stream'
    'Content-Range': 'REDACTED'
    'Last-Modified': 'Sat, 15 Feb 2025 08:17:58 GMT'
    'Accept-Ranges': 'REDACTED'
    'ETag': '"0x8DD4D9941F39FCC"'
    'Server': 'Windows-Azure-Blob/1.0 Microsoft-HTTPAPI/2.0'
    'x-ms-request-id': '0b9b77f8-f01e-0004-3482-7fed93000000'
    'x-ms-client-request-id': '6b9f212c-eb75-11ef-91c9-6241a593cdd7'
    'x-ms-version': 'REDACTED'
    'x-ms-resource-type': 'REDACTED'
    'x-ms-creation-time': 'REDACTED'
    'x-ms-blob-content-md5': 'REDACTED'
    'x-ms-lease-status': 'REDACTED'
    'x-ms-lease-state': 'REDACTED'
    'x-ms-blob-type': 'REDACTED'
    'x-ms-server-encrypted': 'REDACTED'
    'x-ms-owner': 'REDACTED'
    'x-ms-group': 'REDACTED'
    'x-ms-permissions': 'REDACTED'
    'x-ms-acl': 'REDACTED'
    'Date': 'Sat, 15 Feb 2025 08:18:21 GMT'
2025-02-15 13:48:24,190 - INFO - Read: source=fileshare/year=2025/month=02/day=15/hour=13/data_20250215_134757.csv
2025-02-15 13:50:29,925 - INFO - Request URL: 'https://churndest.blob.core.windows.net/customerchurn?restype=REDACTED&comp=REDACTED'
Request method: 'GET'
Request headers:
    'x-ms-version': 'REDACTED'
    'Accept': 'application/xml'
    'User-Agent': 'azsdk-python-storage-blob/12.24.1 Python/3.9.6 (macOS-15.1-arm64-arm-64bit)'
    'x-ms-date': 'REDACTED'
    'x-ms-client-request-id': 'b7ceaa9a-eb75-11ef-91c9-6241a593cdd7'
    'Authorization': 'REDACTED'
No body was attached to the request
2025-02-15 13:50:31,254 - INFO - Response status: 200
Response headers:
    'Transfer-Encoding': 'chunked'
    'Content-Type': 'application/xml'
    'Server': 'Windows-Azure-Blob/1.0 Microsoft-HTTPAPI/2.0'
    'x-ms-request-id': 'e08b4c22-801e-00c5-5482-7f4a71000000'
    'x-ms-client-request-id': 'b7ceaa9a-eb75-11ef-91c9-6241a593cdd7'
    'x-ms-version': 'REDACTED'
    'Date': 'Sat, 15 Feb 2025 08:20:30 GMT'
2025-02-15 13:50:31,260 - INFO - Request URL: 'https://churndest.blob.core.windows.net/customerchurn/source%3Dfileshare/year%3D2025/month%3D02/day%3D15/hour%3D13/data_20250215_134757.csv'
Request method: 'GET'
Request headers:
    'x-ms-range': 'REDACTED'
    'x-ms-version': 'REDACTED'
    'Accept': 'application/xml'
    'User-Agent': 'azsdk-python-storage-blob/12.24.1 Python/3.9.6 (macOS-15.1-arm64-arm-64bit)'
    'x-ms-date': 'REDACTED'
    'x-ms-client-request-id': 'b89a69f0-eb75-11ef-91c9-6241a593cdd7'
    'Authorization': 'REDACTED'
No body was attached to the request
2025-02-15 13:50:31,505 - INFO - Response status: 206
Response headers:
    'Content-Length': '1461332'
    'Content-Type': 'application/octet-stream'
    'Content-Range': 'REDACTED'
    'Last-Modified': 'Sat, 15 Feb 2025 08:17:58 GMT'
    'Accept-Ranges': 'REDACTED'
    'ETag': '"0x8DD4D9941F39FCC"'
    'Server': 'Windows-Azure-Blob/1.0 Microsoft-HTTPAPI/2.0'
    'x-ms-request-id': 'e08b4c6b-801e-00c5-1b82-7f4a71000000'
    'x-ms-client-request-id': 'b89a69f0-eb75-11ef-91c9-6241a593cdd7'
    'x-ms-version': 'REDACTED'
    'x-ms-resource-type': 'REDACTED'
    'x-ms-creation-time': 'REDACTED'
    'x-ms-blob-content-md5': 'REDACTED'
    'x-ms-lease-status': 'REDACTED'
    'x-ms-lease-state': 'REDACTED'
    'x-ms-blob-type': 'REDACTED'
    'x-ms-server-encrypted': 'REDACTED'
    'x-ms-owner': 'REDACTED'
    'x-ms-group': 'REDACTED'
    'x-ms-permissions': 'REDACTED'
    'x-ms-acl': 'REDACTED'
    'Date': 'Sat, 15 Feb 2025 08:20:30 GMT'
2025-02-15 13:50:33,306 - INFO - Read: source=fileshare/year=2025/month=02/day=15/hour=13/data_20250215_134757.csv
2025-02-15 13:51:11,247 - INFO - Request URL: 'https://churndest.blob.core.windows.net/customerchurn?restype=REDACTED&comp=REDACTED'
Request method: 'GET'
Request headers:
    'x-ms-version': 'REDACTED'
    'Accept': 'application/xml'
    'User-Agent': 'azsdk-python-storage-blob/12.24.1 Python/3.9.6 (macOS-15.1-arm64-arm-64bit)'
    'x-ms-date': 'REDACTED'
    'x-ms-client-request-id': 'd06fe000-eb75-11ef-91c9-6241a593cdd7'
    'Authorization': 'REDACTED'
No body was attached to the request
2025-02-15 13:51:12,384 - INFO - Response status: 200
Response headers:
    'Transfer-Encoding': 'chunked'
    'Content-Type': 'application/xml'
    'Server': 'Windows-Azure-Blob/1.0 Microsoft-HTTPAPI/2.0'
    'x-ms-request-id': '34ff6342-a01e-0044-1782-7feaab000000'
    'x-ms-client-request-id': 'd06fe000-eb75-11ef-91c9-6241a593cdd7'
    'x-ms-version': 'REDACTED'
    'Date': 'Sat, 15 Feb 2025 08:21:11 GMT'
2025-02-15 13:51:12,387 - INFO - Request URL: 'https://churndest.blob.core.windows.net/customerchurn/source%3Dfileshare/year%3D2025/month%3D02/day%3D15/hour%3D13/data_20250215_134757.csv'
Request method: 'GET'
Request headers:
    'x-ms-range': 'REDACTED'
    'x-ms-version': 'REDACTED'
    'Accept': 'application/xml'
    'User-Agent': 'azsdk-python-storage-blob/12.24.1 Python/3.9.6 (macOS-15.1-arm64-arm-64bit)'
    'x-ms-date': 'REDACTED'
    'x-ms-client-request-id': 'd11de998-eb75-11ef-91c9-6241a593cdd7'
    'Authorization': 'REDACTED'
No body was attached to the request
2025-02-15 13:51:12,627 - INFO - Response status: 206
Response headers:
    'Content-Length': '1461332'
    'Content-Type': 'application/octet-stream'
    'Content-Range': 'REDACTED'
    'Last-Modified': 'Sat, 15 Feb 2025 08:17:58 GMT'
    'Accept-Ranges': 'REDACTED'
    'ETag': '"0x8DD4D9941F39FCC"'
    'Server': 'Windows-Azure-Blob/1.0 Microsoft-HTTPAPI/2.0'
    'x-ms-request-id': '34ff6373-a01e-0044-4582-7feaab000000'
    'x-ms-client-request-id': 'd11de998-eb75-11ef-91c9-6241a593cdd7'
    'x-ms-version': 'REDACTED'
    'x-ms-resource-type': 'REDACTED'
    'x-ms-creation-time': 'REDACTED'
    'x-ms-blob-content-md5': 'REDACTED'
    'x-ms-lease-status': 'REDACTED'
    'x-ms-lease-state': 'REDACTED'
    'x-ms-blob-type': 'REDACTED'
    'x-ms-server-encrypted': 'REDACTED'
    'x-ms-owner': 'REDACTED'
    'x-ms-group': 'REDACTED'
    'x-ms-permissions': 'REDACTED'
    'x-ms-acl': 'REDACTED'
    'Date': 'Sat, 15 Feb 2025 08:21:12 GMT'
2025-02-15 13:51:14,418 - INFO - Read: source=fileshare/year=2025/month=02/day=15/hour=13/data_20250215_134757.csv
2025-02-15 13:53:06,848 - INFO - Request URL: 'https://churndest.blob.core.windows.net/customerchurn?restype=REDACTED&comp=REDACTED'
Request method: 'GET'
Request headers:
    'x-ms-version': 'REDACTED'
    'Accept': 'application/xml'
    'User-Agent': 'azsdk-python-storage-blob/12.24.1 Python/3.9.6 (macOS-15.1-arm64-arm-64bit)'
    'x-ms-date': 'REDACTED'
    'x-ms-client-request-id': '15573bc8-eb76-11ef-91c9-6241a593cdd7'
    'Authorization': 'REDACTED'
No body was attached to the request
2025-02-15 13:53:08,223 - INFO - Response status: 200
Response headers:
    'Transfer-Encoding': 'chunked'
    'Content-Type': 'application/xml'
    'Server': 'Windows-Azure-Blob/1.0 Microsoft-HTTPAPI/2.0'
    'x-ms-request-id': '6abe91c0-f01e-0092-0582-7fe442000000'
    'x-ms-client-request-id': '15573bc8-eb76-11ef-91c9-6241a593cdd7'
    'x-ms-version': 'REDACTED'
    'Date': 'Sat, 15 Feb 2025 08:23:06 GMT'
2025-02-15 13:53:08,228 - INFO - Request URL: 'https://churndest.blob.core.windows.net/customerchurn/source%3Dfileshare/year%3D2025/month%3D02/day%3D15/hour%3D13/data_20250215_134757.csv'
Request method: 'GET'
Request headers:
    'x-ms-range': 'REDACTED'
    'x-ms-version': 'REDACTED'
    'Accept': 'application/xml'
    'User-Agent': 'azsdk-python-storage-blob/12.24.1 Python/3.9.6 (macOS-15.1-arm64-arm-64bit)'
    'x-ms-date': 'REDACTED'
    'x-ms-client-request-id': '1629cb9c-eb76-11ef-91c9-6241a593cdd7'
    'Authorization': 'REDACTED'
No body was attached to the request
2025-02-15 13:53:08,469 - INFO - Response status: 206
Response headers:
    'Content-Length': '1461332'
    'Content-Type': 'application/octet-stream'
    'Content-Range': 'REDACTED'
    'Last-Modified': 'Sat, 15 Feb 2025 08:17:58 GMT'
    'Accept-Ranges': 'REDACTED'
    'ETag': '"0x8DD4D9941F39FCC"'
    'Server': 'Windows-Azure-Blob/1.0 Microsoft-HTTPAPI/2.0'
    'x-ms-request-id': '6abe91f9-f01e-0092-3c82-7fe442000000'
    'x-ms-client-request-id': '1629cb9c-eb76-11ef-91c9-6241a593cdd7'
    'x-ms-version': 'REDACTED'
    'x-ms-resource-type': 'REDACTED'
    'x-ms-creation-time': 'REDACTED'
    'x-ms-blob-content-md5': 'REDACTED'
    'x-ms-lease-status': 'REDACTED'
    'x-ms-lease-state': 'REDACTED'
    'x-ms-blob-type': 'REDACTED'
    'x-ms-server-encrypted': 'REDACTED'
    'x-ms-owner': 'REDACTED'
    'x-ms-group': 'REDACTED'
    'x-ms-permissions': 'REDACTED'
    'x-ms-acl': 'REDACTED'
    'Date': 'Sat, 15 Feb 2025 08:23:07 GMT'
2025-02-15 13:53:10,273 - INFO - Read: source=fileshare/year=2025/month=02/day=15/hour=13/data_20250215_134757.csv
2025-02-15 15:50:32,806 - INFO - Read 32842 records from source file
2025-02-15 15:50:32,813 - INFO - Created 8 splits
2025-02-15 15:50:37,275 - INFO - Table schema recreated
2025-02-15 15:51:03,085 - ERROR - Batch 1 failed: (pyodbc.IntegrityError) ('23000', "[23000] [Microsoft][ODBC Driver 18 for SQL Server][SQL Server]Violation of PRIMARY KEY constraint 'PK__BankChur__A4AE64D86B6328A7'. Cannot insert duplicate key in object 'dbo.BankChurnData'. The duplicate key value is (16411194). (2627) (SQLExecDirectW)")
[SQL: INSERT INTO [BankChurnData] ([CustomerId], [Surname], [CreditScore], [Geography], [Gender], [Age], [Tenure], [Balance], [NumOfProducts], [HasCrCard], [IsActiveMember], [EstimatedSalary], [Exited], ingestion_timestamp) VALUES (?, ?, ?, ?, ?, ?, ?, ?,  ... 2073 characters truncated ...  ?, ?, ?, ?), (?, ?, ?, ?, ?, ?, ?, ?, ?, ?, ?, ?, ?, ?), (?, ?, ?, ?, ?, ?, ?, ?, ?, ?, ?, ?, ?, ?)]
[parameters: (16411194, 'Hargrave', 661, 'France', 'Female', 43, 2, 0.0, 1, 1, 1, 101641.88, 1, datetime.datetime(2025, 2, 15, 15, 50, 37, 282286), 15430965, 'Hill', 542, 'Spain', 'Female', 38, 1, 98133.86, 1, 0, 1, 116572.58, 0, datetime.datetime(2025, 2, 15, 15, 50, 37, 282286), 16630948, 'Onio', 458, 'France', 'Female', 36, 8, 166120.8, 3, 1, 0, 117023.57, 1, datetime.datetime(2025, 2, 15, 15, 50, 37, 282286), 18092717, 'Boni', 598, 'France', 'Female', 41, 1, 0.0 ... 600 parameters truncated ... 9, 101105.67, 1, 1, 1, 114377.21, 1, datetime.datetime(2025, 2, 15, 15, 50, 37, 282286), 17438821, 'Okagbue', 652, 'Germany', 'Female', 41, 9, 136281.8, 1, 1, 1, 109590.8, 1, datetime.datetime(2025, 2, 15, 15, 50, 37, 282286), 16307960, 'Yin', 573, 'Germany', 'Male', 41, 2, 113490.38, 1, 0, 1, 101418.13, 0, datetime.datetime(2025, 2, 15, 15, 50, 37, 282286), 12991229, 'Buccho', 738, 'Germany', 'Female', 40, 2, 108208.22, 2, 1, 0, 187925.12, 0, datetime.datetime(2025, 2, 15, 15, 50, 37, 282286))]
(Background on this error at: https://sqlalche.me/e/20/gkpj)
2025-02-15 15:51:16,336 - ERROR - Batch 2 failed: (pyodbc.IntegrityError) ('23000', "[23000] [Microsoft][ODBC Driver 18 for SQL Server][SQL Server]Violation of PRIMARY KEY constraint 'PK__BankChur__A4AE64D86B6328A7'. Cannot insert duplicate key in object 'dbo.BankChurnData'. The duplicate key value is (16174258). (2627) (SQLExecDirectW)")
[SQL: INSERT INTO [BankChurnData] ([CustomerId], [Surname], [CreditScore], [Geography], [Gender], [Age], [Tenure], [Balance], [NumOfProducts], [HasCrCard], [IsActiveMember], [EstimatedSalary], [Exited], ingestion_timestamp) VALUES (?, ?, ?, ?, ?, ?, ?, ?,  ... 2073 characters truncated ...  ?, ?, ?, ?), (?, ?, ?, ?, ?, ?, ?, ?, ?, ?, ?, ?, ?, ?), (?, ?, ?, ?, ?, ?, ?, ?, ?, ?, ?, ?, ?, ?)]
[parameters: (15277923, 'Ingram', 735, 'Spain', 'Male', 34, 10, 139014.02, 1, 1, 0, 139640.86, 0, datetime.datetime(2025, 2, 15, 15, 51, 3, 88820), 17766085, 'Lo Duca', 560, 'France', 'Female', 40, 3, 94128.36, 1, 0, 1, 165334.02, 1, datetime.datetime(2025, 2, 15, 15, 51, 3, 88820), 15453446, 'Wan', 747, 'Germany', 'Female', 35, 10, 146881.91999999998, 1, 1, 0, 67762.86, 0, datetime.datetime(2025, 2, 15, 15, 51, 3, 88820), 16174258, 'Cohn', 781, 'Germany', 'Male', 26, 1, 106299.83 ... 600 parameters truncated ... 10, 119760.9, 2, 1, 1, 163196.36, 0, datetime.datetime(2025, 2, 15, 15, 51, 3, 88820), 14494021, 'Riddle', 600, 'Germany', 'Female', 61, 8, 99882.91, 1, 0, 0, 58139.8, 1, datetime.datetime(2025, 2, 15, 15, 51, 3, 88820), 17258338, 'Chinedum', 676, 'France', 'Male', 39, 3, 0.0, 2, 1, 0, 225167.46, 0, datetime.datetime(2025, 2, 15, 15, 51, 3, 88820), 15366934, 'Aleksandrova', 657, 'Spain', 'Male', 47, 8, 102919.21, 1, 1, 0, 1684.82, 0, datetime.datetime(2025, 2, 15, 15, 51, 3, 88820))]
(Background on this error at: https://sqlalche.me/e/20/gkpj)
2025-02-15 15:51:49,048 - ERROR - Batch 3 failed: (pyodbc.IntegrityError) ('23000', "[23000] [Microsoft][ODBC Driver 18 for SQL Server][SQL Server]Violation of PRIMARY KEY constraint 'PK__BankChur__A4AE64D86B6328A7'. Cannot insert duplicate key in object 'dbo.BankChurnData'. The duplicate key value is (16654295). (2627) (SQLExecDirectW)")
[SQL: INSERT INTO [BankChurnData] ([CustomerId], [Surname], [CreditScore], [Geography], [Gender], [Age], [Tenure], [Balance], [NumOfProducts], [HasCrCard], [IsActiveMember], [EstimatedSalary], [Exited], ingestion_timestamp) VALUES (?, ?, ?, ?, ?, ?, ?, ?,  ... 2073 characters truncated ...  ?, ?, ?, ?), (?, ?, ?, ?, ?, ?, ?, ?, ?, ?, ?, ?, ?, ?), (?, ?, ?, ?, ?, ?, ?, ?, ?, ?, ?, ?, ?, ?)]
[parameters: (16654295, 'Medvedeva', 661, 'Germany', 'Male', 39, 2, 139758.28, 2, 1, 1, 203096.47, 0, datetime.datetime(2025, 2, 15, 15, 51, 16, 340077), 14391575, 'Chukwuhaenye', 610, 'France', 'Male', 36, 7, 0.0, 1, 1, 0, 203320.94, 1, datetime.datetime(2025, 2, 15, 15, 51, 16, 340077), 14207745, 'Endrizzi', 562, 'Spain', 'Male', 33, 0, 86167.17, 1, 0, 1, 48086.67, 0, datetime.datetime(2025, 2, 15, 15, 51, 16, 340077), 14988999, "Ch'ang", 818, 'Germany', 'Female', 29, 4, 116110.67 ... 600 parameters truncated ... 5, 0.0, 2, 0, 0, 80869.29, 0, datetime.datetime(2025, 2, 15, 15, 51, 16, 340077), 15192388, 'Zakharov', 717, 'France', 'Male', 40, 1, 83827.31, 1, 1, 0, 25880.97, 0, datetime.datetime(2025, 2, 15, 15, 51, 16, 340077), 16125320, 'Golibe', 632, 'Spain', 'Male', 41, 3, 107235.47, 1, 0, 0, 100463.92, 0, datetime.datetime(2025, 2, 15, 15, 51, 16, 340077), 14817312, 'Nikitina', 706, 'Germany', 'Female', 31, 5, 29421.64, 1, 0, 1, 143067.01, 0, datetime.datetime(2025, 2, 15, 15, 51, 16, 340077))]
(Background on this error at: https://sqlalche.me/e/20/gkpj)
