2025-02-15 15:58:11,622 - INFO - Read 32842 records from source file
2025-02-15 15:58:11,631 - INFO - Created 8 splits
2025-02-15 15:58:23,605 - ERROR - Table creation failed: (pyodbc.ProgrammingError) ('42000', "[42000] [Microsoft][ODBC Driver 18 for SQL Server][SQL Server]Incorrect syntax near 'VARCHAR'. (102) (SQLExecDirectW)")
[SQL: 
IF NOT EXISTS (SELECT * FROM sys.objects WHERE object_id = OBJECT_ID(N'[dbo].[BankChurnData]') AND type in (N'U'))
BEGIN
    CREATE TABLE BankChurnData (
        CustomerId BIGINT,              # Removed PRIMARY KEY constraint
        Surname VARCHAR(100),
        CreditScore INT,
        Geography VARCHAR(50),
        Gender VARCHAR(10),
        Age INT,
        Tenure INT,
        Balance DECIMAL(12,2),
        NumOfProducts INT,
        HasCrCard BIT,
        IsActiveMember BIT,
        EstimatedSalary DECIMAL(12,2),
        Exited BIT,
        ingestion_timestamp DATETIME
    )
END
]
(Background on this error at: https://sqlalche.me/e/20/f405)
2025-02-15 16:05:03,202 - INFO - Read 32842 records from source file
2025-02-15 16:05:03,210 - INFO - Created 8 splits
2025-02-15 16:05:10,999 - ERROR - Table creation failed: (pyodbc.ProgrammingError) ('42000', "[42000] [Microsoft][ODBC Driver 18 for SQL Server][SQL Server]Incorrect syntax near 'VARCHAR'. (102) (SQLExecDirectW)")
[SQL: 
IF NOT EXISTS (SELECT * FROM sys.objects WHERE object_id = OBJECT_ID(N'[dbo].[BankChurnData]') AND type in (N'U'))
BEGIN
    CREATE TABLE BankChurnData (
        CustomerId BIGINT,              # Removed PRIMARY KEY constraint
        Surname VARCHAR(100),
        CreditScore INT,
        Geography VARCHAR(50),
        Gender VARCHAR(10),
        Age INT,
        Tenure INT,
        Balance DECIMAL(12,2),
        NumOfProducts INT,
        HasCrCard BIT,
        IsActiveMember BIT,
        EstimatedSalary DECIMAL(12,2),
        Exited BIT,
        ingestion_timestamp DATETIME
    )
END
]
(Background on this error at: https://sqlalche.me/e/20/f405)
2025-02-15 16:20:43,252 - INFO - Read 32842 records from source file
2025-02-15 16:20:43,258 - INFO - Created 8 splits
2025-02-15 16:20:49,884 - ERROR - Table creation failed: (pyodbc.ProgrammingError) ('42000', "[42000] [Microsoft][ODBC Driver 18 for SQL Server][SQL Server]Incorrect syntax near 'VARCHAR'. (102) (SQLExecDirectW)")
[SQL: 
IF NOT EXISTS (SELECT * FROM sys.objects WHERE object_id = OBJECT_ID(N'[dbo].[BankChurnData]') AND type in (N'U'))
BEGIN
    CREATE TABLE BankChurnData (
        CustomerId BIGINT,              # Removed PRIMARY KEY constraint
        Surname VARCHAR(100),
        CreditScore INT,
        Geography VARCHAR(50),
        Gender VARCHAR(10),
        Age INT,
        Tenure INT,
        Balance DECIMAL(12,2),
        NumOfProducts INT,
        HasCrCard BIT,
        IsActiveMember BIT,
        EstimatedSalary DECIMAL(12,2),
        Exited BIT,
        ingestion_timestamp DATETIME
    )
END
]
(Background on this error at: https://sqlalche.me/e/20/f405)
2025-02-15 16:22:21,868 - INFO - Read 32842 records from source file
2025-02-15 16:22:21,873 - INFO - Created 8 splits
2025-02-15 16:22:29,685 - INFO - Table schema recreated without PRIMARY KEY constraint
2025-02-15 16:23:54,249 - INFO - Batch 1: Inserted 4106 records in 84.56 seconds
2025-02-15 16:25:16,854 - INFO - Batch 2: Inserted 4105 records in 82.60 seconds
2025-02-15 16:26:00,163 - INFO - Batch 3: Inserted 4106 records in 43.30 seconds
2025-02-15 16:26:43,470 - INFO - Batch 4: Inserted 4105 records in 43.30 seconds
2025-02-15 16:26:43,474 - INFO - DB insertion completed
2025-02-15 16:28:09,804 - INFO - Read 32842 records from source file
2025-02-15 16:28:09,810 - INFO - Created 8 splits
2025-02-15 16:28:09,810 - INFO - Processing batch 5 with 4105 records
2025-02-15 16:28:09,830 - INFO - Request URL: 'https://customerchurnsource.file.core.windows.net/customerchurnsource/batch_5_20250215_162809.csv'
Request method: 'PUT'
Request headers:
    'x-ms-version': 'REDACTED'
    'x-ms-content-length': 'REDACTED'
    'x-ms-type': 'REDACTED'
    'x-ms-file-permission': 'REDACTED'
    'x-ms-file-attributes': 'REDACTED'
    'x-ms-file-creation-time': 'REDACTED'
    'x-ms-file-last-write-time': 'REDACTED'
    'Accept': 'application/xml'
    'User-Agent': 'azsdk-python-storage-file-share/12.20.1 Python/3.9.6 (macOS-15.1-arm64-arm-64bit)'
    'x-ms-date': 'REDACTED'
    'x-ms-client-request-id': 'be599e5e-eb8b-11ef-b7c2-6241a593cdd7'
    'Authorization': 'REDACTED'
No body was attached to the request
2025-02-15 16:28:13,890 - INFO - Response status: 201
Response headers:
    'Content-Length': '0'
    'Last-Modified': 'Sat, 15 Feb 2025 10:58:13 GMT'
    'ETag': '"0x8DD4DAFA4E4E7D9"'
    'Server': 'Windows-Azure-File/1.0 Microsoft-HTTPAPI/2.0'
    'x-ms-request-id': '76548f74-b01a-0051-0d98-7f8c98000000'
    'x-ms-client-request-id': 'be599e5e-eb8b-11ef-b7c2-6241a593cdd7'
    'x-ms-version': 'REDACTED'
    'x-ms-file-change-time': 'REDACTED'
    'x-ms-file-last-write-time': 'REDACTED'
    'x-ms-file-creation-time': 'REDACTED'
    'x-ms-file-permission-key': 'REDACTED'
    'x-ms-file-attributes': 'REDACTED'
    'x-ms-file-id': 'REDACTED'
    'x-ms-file-parent-id': 'REDACTED'
    'x-ms-request-server-encrypted': 'REDACTED'
    'Date': 'Sat, 15 Feb 2025 10:58:13 GMT'
2025-02-15 16:28:13,892 - INFO - Request URL: 'https://customerchurnsource.file.core.windows.net/customerchurnsource/batch_5_20250215_162809.csv?comp=REDACTED'
Request method: 'PUT'
Request headers:
    'Content-Length': '371937'
    'x-ms-range': 'REDACTED'
    'x-ms-write': 'REDACTED'
    'x-ms-version': 'REDACTED'
    'Content-Type': 'application/octet-stream'
    'Accept': 'application/xml'
    'User-Agent': 'azsdk-python-storage-file-share/12.20.1 Python/3.9.6 (macOS-15.1-arm64-arm-64bit)'
    'x-ms-date': 'REDACTED'
    'x-ms-client-request-id': 'c0c568b2-eb8b-11ef-b7c2-6241a593cdd7'
    'Authorization': 'REDACTED'
A body is sent with the request
2025-02-15 16:28:15,146 - INFO - Response status: 201
Response headers:
    'Content-Length': '0'
    'Content-MD5': 'REDACTED'
    'Last-Modified': 'Sat, 15 Feb 2025 10:58:15 GMT'
    'ETag': '"0x8DD4DAFA5A4EE95"'
    'Server': 'Windows-Azure-File/1.0 Microsoft-HTTPAPI/2.0'
    'x-ms-request-id': '76548f77-b01a-0051-0e98-7f8c98000000'
    'x-ms-client-request-id': 'c0c568b2-eb8b-11ef-b7c2-6241a593cdd7'
    'x-ms-version': 'REDACTED'
    'x-ms-file-last-write-time': 'REDACTED'
    'x-ms-request-server-encrypted': 'REDACTED'
    'Date': 'Sat, 15 Feb 2025 10:58:14 GMT'
2025-02-15 16:28:15,149 - INFO - Batch 5: Uploaded 4105 records in 5.32 seconds
2025-02-15 16:28:15,153 - INFO - Processing batch 6 with 4105 records
2025-02-15 16:28:15,177 - INFO - Request URL: 'https://customerchurnsource.file.core.windows.net/customerchurnsource/batch_6_20250215_162815.csv'
Request method: 'PUT'
Request headers:
    'x-ms-version': 'REDACTED'
    'x-ms-content-length': 'REDACTED'
    'x-ms-type': 'REDACTED'
    'x-ms-file-permission': 'REDACTED'
    'x-ms-file-attributes': 'REDACTED'
    'x-ms-file-creation-time': 'REDACTED'
    'x-ms-file-last-write-time': 'REDACTED'
    'Accept': 'application/xml'
    'User-Agent': 'azsdk-python-storage-file-share/12.20.1 Python/3.9.6 (macOS-15.1-arm64-arm-64bit)'
    'x-ms-date': 'REDACTED'
    'x-ms-client-request-id': 'c1899930-eb8b-11ef-b7c2-6241a593cdd7'
    'Authorization': 'REDACTED'
No body was attached to the request
2025-02-15 16:28:16,258 - INFO - Response status: 201
Response headers:
    'Content-Length': '0'
    'Last-Modified': 'Sat, 15 Feb 2025 10:58:16 GMT'
    'ETag': '"0x8DD4DAFA64D423F"'
    'Server': 'Windows-Azure-File/1.0 Microsoft-HTTPAPI/2.0'
    'x-ms-request-id': '8546b2a8-e01a-0011-5998-7f8ba0000000'
    'x-ms-client-request-id': 'c1899930-eb8b-11ef-b7c2-6241a593cdd7'
    'x-ms-version': 'REDACTED'
    'x-ms-file-change-time': 'REDACTED'
    'x-ms-file-last-write-time': 'REDACTED'
    'x-ms-file-creation-time': 'REDACTED'
    'x-ms-file-permission-key': 'REDACTED'
    'x-ms-file-attributes': 'REDACTED'
    'x-ms-file-id': 'REDACTED'
    'x-ms-file-parent-id': 'REDACTED'
    'x-ms-request-server-encrypted': 'REDACTED'
    'Date': 'Sat, 15 Feb 2025 10:58:15 GMT'
2025-02-15 16:28:16,263 - INFO - Request URL: 'https://customerchurnsource.file.core.windows.net/customerchurnsource/batch_6_20250215_162815.csv?comp=REDACTED'
Request method: 'PUT'
Request headers:
    'Content-Length': '372038'
    'x-ms-range': 'REDACTED'
    'x-ms-write': 'REDACTED'
    'x-ms-version': 'REDACTED'
    'Content-Type': 'application/octet-stream'
    'Accept': 'application/xml'
    'User-Agent': 'azsdk-python-storage-file-share/12.20.1 Python/3.9.6 (macOS-15.1-arm64-arm-64bit)'
    'x-ms-date': 'REDACTED'
    'x-ms-client-request-id': 'c22f35b6-eb8b-11ef-b7c2-6241a593cdd7'
    'Authorization': 'REDACTED'
A body is sent with the request
2025-02-15 16:28:17,863 - INFO - Response status: 201
Response headers:
    'Content-Length': '0'
    'Content-MD5': 'REDACTED'
    'Last-Modified': 'Sat, 15 Feb 2025 10:58:17 GMT'
    'ETag': '"0x8DD4DAFA7418B9F"'
    'Server': 'Windows-Azure-File/1.0 Microsoft-HTTPAPI/2.0'
    'x-ms-request-id': '8546b2ab-e01a-0011-5a98-7f8ba0000000'
    'x-ms-client-request-id': 'c22f35b6-eb8b-11ef-b7c2-6241a593cdd7'
    'x-ms-version': 'REDACTED'
    'x-ms-file-last-write-time': 'REDACTED'
    'x-ms-request-server-encrypted': 'REDACTED'
    'Date': 'Sat, 15 Feb 2025 10:58:16 GMT'
2025-02-15 16:28:17,866 - INFO - Batch 6: Uploaded 4105 records in 2.69 seconds
2025-02-15 16:28:17,868 - INFO - Processing batch 7 with 4105 records
2025-02-15 16:28:17,894 - INFO - Request URL: 'https://customerchurnsource.file.core.windows.net/customerchurnsource/batch_7_20250215_162817.csv'
Request method: 'PUT'
Request headers:
    'x-ms-version': 'REDACTED'
    'x-ms-content-length': 'REDACTED'
    'x-ms-type': 'REDACTED'
    'x-ms-file-permission': 'REDACTED'
    'x-ms-file-attributes': 'REDACTED'
    'x-ms-file-creation-time': 'REDACTED'
    'x-ms-file-last-write-time': 'REDACTED'
    'Accept': 'application/xml'
    'User-Agent': 'azsdk-python-storage-file-share/12.20.1 Python/3.9.6 (macOS-15.1-arm64-arm-64bit)'
    'x-ms-date': 'REDACTED'
    'x-ms-client-request-id': 'c3281488-eb8b-11ef-b7c2-6241a593cdd7'
    'Authorization': 'REDACTED'
No body was attached to the request
2025-02-15 16:28:18,924 - INFO - Response status: 201
Response headers:
    'Content-Length': '0'
    'Last-Modified': 'Sat, 15 Feb 2025 10:58:18 GMT'
    'ETag': '"0x8DD4DAFA7E5507C"'
    'Server': 'Windows-Azure-File/1.0 Microsoft-HTTPAPI/2.0'
    'x-ms-request-id': 'feaa236c-001a-0019-7f98-7f91af000000'
    'x-ms-client-request-id': 'c3281488-eb8b-11ef-b7c2-6241a593cdd7'
    'x-ms-version': 'REDACTED'
    'x-ms-file-change-time': 'REDACTED'
    'x-ms-file-last-write-time': 'REDACTED'
    'x-ms-file-creation-time': 'REDACTED'
    'x-ms-file-permission-key': 'REDACTED'
    'x-ms-file-attributes': 'REDACTED'
    'x-ms-file-id': 'REDACTED'
    'x-ms-file-parent-id': 'REDACTED'
    'x-ms-request-server-encrypted': 'REDACTED'
    'Date': 'Sat, 15 Feb 2025 10:58:17 GMT'
2025-02-15 16:28:18,927 - INFO - Request URL: 'https://customerchurnsource.file.core.windows.net/customerchurnsource/batch_7_20250215_162817.csv?comp=REDACTED'
Request method: 'PUT'
Request headers:
    'Content-Length': '372429'
    'x-ms-range': 'REDACTED'
    'x-ms-write': 'REDACTED'
    'x-ms-version': 'REDACTED'
    'Content-Type': 'application/octet-stream'
    'Accept': 'application/xml'
    'User-Agent': 'azsdk-python-storage-file-share/12.20.1 Python/3.9.6 (macOS-15.1-arm64-arm-64bit)'
    'x-ms-date': 'REDACTED'
    'x-ms-client-request-id': 'c3c5b3b4-eb8b-11ef-b7c2-6241a593cdd7'
    'Authorization': 'REDACTED'
A body is sent with the request
2025-02-15 16:28:20,208 - INFO - Response status: 201
Response headers:
    'Content-Length': '0'
    'Content-MD5': 'REDACTED'
    'Last-Modified': 'Sat, 15 Feb 2025 10:58:20 GMT'
    'ETag': '"0x8DD4DAFA8A99837"'
    'Server': 'Windows-Azure-File/1.0 Microsoft-HTTPAPI/2.0'
    'x-ms-request-id': 'feaa236f-001a-0019-8098-7f91af000000'
    'x-ms-client-request-id': 'c3c5b3b4-eb8b-11ef-b7c2-6241a593cdd7'
    'x-ms-version': 'REDACTED'
    'x-ms-file-last-write-time': 'REDACTED'
    'x-ms-request-server-encrypted': 'REDACTED'
    'Date': 'Sat, 15 Feb 2025 10:58:19 GMT'
2025-02-15 16:28:20,212 - INFO - Batch 7: Uploaded 4105 records in 2.32 seconds
2025-02-15 16:28:20,213 - INFO - Processing batch 8 with 4105 records
2025-02-15 16:28:20,239 - INFO - Request URL: 'https://customerchurnsource.file.core.windows.net/customerchurnsource/batch_8_20250215_162820.csv'
Request method: 'PUT'
Request headers:
    'x-ms-version': 'REDACTED'
    'x-ms-content-length': 'REDACTED'
    'x-ms-type': 'REDACTED'
    'x-ms-file-permission': 'REDACTED'
    'x-ms-file-attributes': 'REDACTED'
    'x-ms-file-creation-time': 'REDACTED'
    'x-ms-file-last-write-time': 'REDACTED'
    'Accept': 'application/xml'
    'User-Agent': 'azsdk-python-storage-file-share/12.20.1 Python/3.9.6 (macOS-15.1-arm64-arm-64bit)'
    'x-ms-date': 'REDACTED'
    'x-ms-client-request-id': 'c48df05e-eb8b-11ef-b7c2-6241a593cdd7'
    'Authorization': 'REDACTED'
No body was attached to the request
2025-02-15 16:28:21,273 - INFO - Response status: 201
Response headers:
    'Content-Length': '0'
    'Last-Modified': 'Sat, 15 Feb 2025 10:58:21 GMT'
    'ETag': '"0x8DD4DAFA94C73BC"'
    'Server': 'Windows-Azure-File/1.0 Microsoft-HTTPAPI/2.0'
    'x-ms-request-id': 'a8c77c26-901a-0034-5498-7f22dc000000'
    'x-ms-client-request-id': 'c48df05e-eb8b-11ef-b7c2-6241a593cdd7'
    'x-ms-version': 'REDACTED'
    'x-ms-file-change-time': 'REDACTED'
    'x-ms-file-last-write-time': 'REDACTED'
    'x-ms-file-creation-time': 'REDACTED'
    'x-ms-file-permission-key': 'REDACTED'
    'x-ms-file-attributes': 'REDACTED'
    'x-ms-file-id': 'REDACTED'
    'x-ms-file-parent-id': 'REDACTED'
    'x-ms-request-server-encrypted': 'REDACTED'
    'Date': 'Sat, 15 Feb 2025 10:58:20 GMT'
2025-02-15 16:28:21,276 - INFO - Request URL: 'https://customerchurnsource.file.core.windows.net/customerchurnsource/batch_8_20250215_162820.csv?comp=REDACTED'
Request method: 'PUT'
Request headers:
    'Content-Length': '363670'
    'x-ms-range': 'REDACTED'
    'x-ms-write': 'REDACTED'
    'x-ms-version': 'REDACTED'
    'Content-Type': 'application/octet-stream'
    'Accept': 'application/xml'
    'User-Agent': 'azsdk-python-storage-file-share/12.20.1 Python/3.9.6 (macOS-15.1-arm64-arm-64bit)'
    'x-ms-date': 'REDACTED'
    'x-ms-client-request-id': 'c52c279c-eb8b-11ef-b7c2-6241a593cdd7'
    'Authorization': 'REDACTED'
A body is sent with the request
2025-02-15 16:28:22,776 - INFO - Response status: 201
Response headers:
    'Content-Length': '0'
    'Content-MD5': 'REDACTED'
    'Last-Modified': 'Sat, 15 Feb 2025 10:58:22 GMT'
    'ETag': '"0x8DD4DAFAA313E2C"'
    'Server': 'Windows-Azure-File/1.0 Microsoft-HTTPAPI/2.0'
    'x-ms-request-id': 'a8c77c29-901a-0034-5598-7f22dc000000'
    'x-ms-client-request-id': 'c52c279c-eb8b-11ef-b7c2-6241a593cdd7'
    'x-ms-version': 'REDACTED'
    'x-ms-file-last-write-time': 'REDACTED'
    'x-ms-request-server-encrypted': 'REDACTED'
    'Date': 'Sat, 15 Feb 2025 10:58:21 GMT'
2025-02-15 16:28:22,780 - INFO - Batch 8: Uploaded 4105 records in 2.54 seconds
2025-02-15 16:28:22,782 - INFO - File Share ingestion completed
2025-02-15 16:28:22,783 - INFO - Successfully processed batches: [5, 6, 7, 8]
2025-02-15 16:33:24,905 - INFO - Fetched 16422 records from DB
2025-02-15 16:33:24,912 - INFO - Request URL: 'https://churndest.blob.core.windows.net/customerchurn?restype=REDACTED'
Request method: 'PUT'
Request headers:
    'x-ms-version': 'REDACTED'
    'Accept': 'application/xml'
    'User-Agent': 'azsdk-python-storage-blob/12.24.1 Python/3.9.6 (macOS-15.1-arm64-arm-64bit)'
    'x-ms-date': 'REDACTED'
    'x-ms-client-request-id': '7a2741f4-eb8c-11ef-b7c2-6241a593cdd7'
    'Authorization': 'REDACTED'
No body was attached to the request
2025-02-15 16:33:26,313 - INFO - Response status: 201
Response headers:
    'Content-Length': '0'
    'Last-Modified': 'Sat, 15 Feb 2025 11:03:26 GMT'
    'ETag': '"0x8DD4DB05F1D9754"'
    'Server': 'Windows-Azure-Blob/1.0 Microsoft-HTTPAPI/2.0'
    'x-ms-request-id': '501a0a4e-401e-0073-4899-7f3807000000'
    'x-ms-client-request-id': '7a2741f4-eb8c-11ef-b7c2-6241a593cdd7'
    'x-ms-version': 'REDACTED'
    'Date': 'Sat, 15 Feb 2025 11:03:26 GMT'
2025-02-15 16:33:26,316 - INFO - Created new container: customerchurn
2025-02-15 16:33:26,386 - INFO - Request URL: 'https://churndest.blob.core.windows.net/customerchurn/source%3Ddb/year%3D2025/month%3D02/day%3D15/hour%3D16/data_20250215_163326.csv'
Request method: 'PUT'
Request headers:
    'Content-Length': '1607680'
    'x-ms-blob-type': 'REDACTED'
    'x-ms-version': 'REDACTED'
    'Content-Type': 'application/octet-stream'
    'Accept': 'application/xml'
    'User-Agent': 'azsdk-python-storage-blob/12.24.1 Python/3.9.6 (macOS-15.1-arm64-arm-64bit)'
    'x-ms-date': 'REDACTED'
    'x-ms-client-request-id': '7b084e92-eb8c-11ef-b7c2-6241a593cdd7'
    'Authorization': 'REDACTED'
A body is sent with the request
2025-02-15 16:33:28,045 - INFO - Response status: 201
Response headers:
    'Content-Length': '0'
    'Content-MD5': 'REDACTED'
    'Last-Modified': 'Sat, 15 Feb 2025 11:03:27 GMT'
    'ETag': '"0x8DD4DB0602755D0"'
    'Server': 'Windows-Azure-Blob/1.0 Microsoft-HTTPAPI/2.0'
    'x-ms-request-id': '501a0aa8-401e-0073-1c99-7f3807000000'
    'x-ms-client-request-id': '7b084e92-eb8c-11ef-b7c2-6241a593cdd7'
    'x-ms-version': 'REDACTED'
    'x-ms-content-crc64': 'REDACTED'
    'x-ms-request-server-encrypted': 'REDACTED'
    'Date': 'Sat, 15 Feb 2025 11:03:27 GMT'
2025-02-15 16:33:28,047 - INFO - Successfully written 16422 records to source=db/year=2025/month=02/day=15/hour=16/data_20250215_163326.csv
2025-02-15 16:33:28,052 - INFO - Request URL: 'https://customerchurnsource.file.core.windows.net/customerchurnsource?restype=REDACTED&comp=REDACTED'
Request method: 'GET'
Request headers:
    'x-ms-version': 'REDACTED'
    'Accept': 'application/xml'
    'User-Agent': 'azsdk-python-storage-file-share/12.20.1 Python/3.9.6 (macOS-15.1-arm64-arm-64bit)'
    'x-ms-date': 'REDACTED'
    'x-ms-client-request-id': '7c067cb0-eb8c-11ef-b7c2-6241a593cdd7'
    'Authorization': 'REDACTED'
No body was attached to the request
2025-02-15 16:33:29,293 - INFO - Response status: 200
Response headers:
    'Transfer-Encoding': 'chunked'
    'Content-Type': 'application/xml'
    'Server': 'Windows-Azure-File/1.0 Microsoft-HTTPAPI/2.0'
    'x-ms-request-id': '71b84247-501a-0004-2799-7f9c13000000'
    'x-ms-client-request-id': '7c067cb0-eb8c-11ef-b7c2-6241a593cdd7'
    'x-ms-version': 'REDACTED'
    'Date': 'Sat, 15 Feb 2025 11:03:29 GMT'
2025-02-15 16:33:29,302 - INFO - Request URL: 'https://customerchurnsource.file.core.windows.net/customerchurnsource/batch_5_20250215_162809.csv'
Request method: 'GET'
Request headers:
    'x-ms-version': 'REDACTED'
    'x-ms-range': 'REDACTED'
    'Accept': 'application/xml'
    'User-Agent': 'azsdk-python-storage-file-share/12.20.1 Python/3.9.6 (macOS-15.1-arm64-arm-64bit)'
    'x-ms-date': 'REDACTED'
    'x-ms-client-request-id': '7cc523ea-eb8c-11ef-b7c2-6241a593cdd7'
    'Authorization': 'REDACTED'
No body was attached to the request
2025-02-15 16:33:29,590 - INFO - Response status: 206
Response headers:
    'Content-Length': '371937'
    'Content-Type': 'application/octet-stream'
    'Content-Range': 'REDACTED'
    'Last-Modified': 'Sat, 15 Feb 2025 10:58:15 GMT'
    'Accept-Ranges': 'REDACTED'
    'ETag': '"0x8DD4DAFA5A4EE95"'
    'Server': 'Windows-Azure-File/1.0 Microsoft-HTTPAPI/2.0'
    'x-ms-request-id': '71b8424b-501a-0004-2899-7f9c13000000'
    'x-ms-client-request-id': '7cc523ea-eb8c-11ef-b7c2-6241a593cdd7'
    'x-ms-version': 'REDACTED'
    'x-ms-type': 'REDACTED'
    'x-ms-server-encrypted': 'REDACTED'
    'x-ms-lease-status': 'REDACTED'
    'x-ms-lease-state': 'REDACTED'
    'x-ms-file-change-time': 'REDACTED'
    'x-ms-file-last-write-time': 'REDACTED'
    'x-ms-file-creation-time': 'REDACTED'
    'x-ms-file-id': 'REDACTED'
    'x-ms-file-parent-id': 'REDACTED'
    'x-ms-file-permission-key': 'REDACTED'
    'x-ms-file-attributes': 'REDACTED'
    'Date': 'Sat, 15 Feb 2025 11:03:29 GMT'
2025-02-15 16:33:30,582 - INFO - Read file: batch_5_20250215_162809.csv
2025-02-15 16:33:30,583 - INFO - Request URL: 'https://customerchurnsource.file.core.windows.net/customerchurnsource/batch_6_20250215_162815.csv'
Request method: 'GET'
Request headers:
    'x-ms-version': 'REDACTED'
    'x-ms-range': 'REDACTED'
    'Accept': 'application/xml'
    'User-Agent': 'azsdk-python-storage-file-share/12.20.1 Python/3.9.6 (macOS-15.1-arm64-arm-64bit)'
    'x-ms-date': 'REDACTED'
    'x-ms-client-request-id': '7d88b4e0-eb8c-11ef-b7c2-6241a593cdd7'
    'Authorization': 'REDACTED'
No body was attached to the request
2025-02-15 16:33:30,865 - INFO - Response status: 206
Response headers:
    'Content-Length': '372038'
    'Content-Type': 'application/octet-stream'
    'Content-Range': 'REDACTED'
    'Last-Modified': 'Sat, 15 Feb 2025 10:58:17 GMT'
    'Accept-Ranges': 'REDACTED'
    'ETag': '"0x8DD4DAFA7418B9F"'
    'Server': 'Windows-Azure-File/1.0 Microsoft-HTTPAPI/2.0'
    'x-ms-request-id': '71b84252-501a-0004-2c99-7f9c13000000'
    'x-ms-client-request-id': '7d88b4e0-eb8c-11ef-b7c2-6241a593cdd7'
    'x-ms-version': 'REDACTED'
    'x-ms-type': 'REDACTED'
    'x-ms-server-encrypted': 'REDACTED'
    'x-ms-lease-status': 'REDACTED'
    'x-ms-lease-state': 'REDACTED'
    'x-ms-file-change-time': 'REDACTED'
    'x-ms-file-last-write-time': 'REDACTED'
    'x-ms-file-creation-time': 'REDACTED'
    'x-ms-file-id': 'REDACTED'
    'x-ms-file-parent-id': 'REDACTED'
    'x-ms-file-permission-key': 'REDACTED'
    'x-ms-file-attributes': 'REDACTED'
    'Date': 'Sat, 15 Feb 2025 11:03:30 GMT'
2025-02-15 16:33:31,124 - INFO - Read file: batch_6_20250215_162815.csv
2025-02-15 16:33:31,125 - INFO - Request URL: 'https://customerchurnsource.file.core.windows.net/customerchurnsource/batch_7_20250215_162817.csv'
Request method: 'GET'
Request headers:
    'x-ms-version': 'REDACTED'
    'x-ms-range': 'REDACTED'
    'Accept': 'application/xml'
    'User-Agent': 'azsdk-python-storage-file-share/12.20.1 Python/3.9.6 (macOS-15.1-arm64-arm-64bit)'
    'x-ms-date': 'REDACTED'
    'x-ms-client-request-id': '7ddb6104-eb8c-11ef-b7c2-6241a593cdd7'
    'Authorization': 'REDACTED'
No body was attached to the request
2025-02-15 16:33:31,385 - INFO - Response status: 206
Response headers:
    'Content-Length': '372429'
    'Content-Type': 'application/octet-stream'
    'Content-Range': 'REDACTED'
    'Last-Modified': 'Sat, 15 Feb 2025 10:58:20 GMT'
    'Accept-Ranges': 'REDACTED'
    'ETag': '"0x8DD4DAFA8A99837"'
    'Server': 'Windows-Azure-File/1.0 Microsoft-HTTPAPI/2.0'
    'x-ms-request-id': '71b84254-501a-0004-2d99-7f9c13000000'
    'x-ms-client-request-id': '7ddb6104-eb8c-11ef-b7c2-6241a593cdd7'
    'x-ms-version': 'REDACTED'
    'x-ms-type': 'REDACTED'
    'x-ms-server-encrypted': 'REDACTED'
    'x-ms-lease-status': 'REDACTED'
    'x-ms-lease-state': 'REDACTED'
    'x-ms-file-change-time': 'REDACTED'
    'x-ms-file-last-write-time': 'REDACTED'
    'x-ms-file-creation-time': 'REDACTED'
    'x-ms-file-id': 'REDACTED'
    'x-ms-file-parent-id': 'REDACTED'
    'x-ms-file-permission-key': 'REDACTED'
    'x-ms-file-attributes': 'REDACTED'
    'Date': 'Sat, 15 Feb 2025 11:03:31 GMT'
2025-02-15 16:33:31,643 - INFO - Read file: batch_7_20250215_162817.csv
2025-02-15 16:33:31,645 - INFO - Request URL: 'https://customerchurnsource.file.core.windows.net/customerchurnsource/batch_8_20250215_162820.csv'
Request method: 'GET'
Request headers:
    'x-ms-version': 'REDACTED'
    'x-ms-range': 'REDACTED'
    'Accept': 'application/xml'
    'User-Agent': 'azsdk-python-storage-file-share/12.20.1 Python/3.9.6 (macOS-15.1-arm64-arm-64bit)'
    'x-ms-date': 'REDACTED'
    'x-ms-client-request-id': '7e2aadb8-eb8c-11ef-b7c2-6241a593cdd7'
    'Authorization': 'REDACTED'
No body was attached to the request
2025-02-15 16:33:31,918 - INFO - Response status: 206
Response headers:
    'Content-Length': '363670'
    'Content-Type': 'application/octet-stream'
    'Content-Range': 'REDACTED'
    'Last-Modified': 'Sat, 15 Feb 2025 10:58:22 GMT'
    'Accept-Ranges': 'REDACTED'
    'ETag': '"0x8DD4DAFAA313E2C"'
    'Server': 'Windows-Azure-File/1.0 Microsoft-HTTPAPI/2.0'
    'x-ms-request-id': '71b84255-501a-0004-2e99-7f9c13000000'
    'x-ms-client-request-id': '7e2aadb8-eb8c-11ef-b7c2-6241a593cdd7'
    'x-ms-version': 'REDACTED'
    'x-ms-type': 'REDACTED'
    'x-ms-server-encrypted': 'REDACTED'
    'x-ms-lease-status': 'REDACTED'
    'x-ms-lease-state': 'REDACTED'
    'x-ms-file-change-time': 'REDACTED'
    'x-ms-file-last-write-time': 'REDACTED'
    'x-ms-file-creation-time': 'REDACTED'
    'x-ms-file-id': 'REDACTED'
    'x-ms-file-parent-id': 'REDACTED'
    'x-ms-file-permission-key': 'REDACTED'
    'x-ms-file-attributes': 'REDACTED'
    'Date': 'Sat, 15 Feb 2025 11:03:31 GMT'
2025-02-15 16:33:32,173 - INFO - Read file: batch_8_20250215_162820.csv
2025-02-15 16:33:32,176 - INFO - Fetched 16420 total records from File Share
2025-02-15 16:33:32,178 - INFO - Request URL: 'https://churndest.blob.core.windows.net/customerchurn?restype=REDACTED'
Request method: 'PUT'
Request headers:
    'x-ms-version': 'REDACTED'
    'Accept': 'application/xml'
    'User-Agent': 'azsdk-python-storage-blob/12.24.1 Python/3.9.6 (macOS-15.1-arm64-arm-64bit)'
    'x-ms-date': 'REDACTED'
    'x-ms-client-request-id': '7e7bfbfa-eb8c-11ef-b7c2-6241a593cdd7'
    'Authorization': 'REDACTED'
No body was attached to the request
2025-02-15 16:33:33,082 - INFO - Response status: 409
Response headers:
    'Content-Length': '230'
    'Content-Type': 'application/xml'
    'Server': 'Windows-Azure-Blob/1.0 Microsoft-HTTPAPI/2.0'
    'x-ms-request-id': '82a0b2c7-c01e-0020-0a99-7f1b33000000'
    'x-ms-client-request-id': '7e7bfbfa-eb8c-11ef-b7c2-6241a593cdd7'
    'x-ms-version': 'REDACTED'
    'x-ms-error-code': 'ContainerAlreadyExists'
    'Date': 'Sat, 15 Feb 2025 11:03:32 GMT'
2025-02-15 16:33:33,084 - INFO - Using existing container: customerchurn
2025-02-15 16:33:33,144 - INFO - Request URL: 'https://churndest.blob.core.windows.net/customerchurn/source%3Dfileshare/year%3D2025/month%3D02/day%3D15/hour%3D16/data_20250215_163333.csv'
Request method: 'PUT'
Request headers:
    'Content-Length': '1479627'
    'x-ms-blob-type': 'REDACTED'
    'x-ms-version': 'REDACTED'
    'Content-Type': 'application/octet-stream'
    'Accept': 'application/xml'
    'User-Agent': 'azsdk-python-storage-blob/12.24.1 Python/3.9.6 (macOS-15.1-arm64-arm-64bit)'
    'x-ms-date': 'REDACTED'
    'x-ms-client-request-id': '7f0f69e4-eb8c-11ef-b7c2-6241a593cdd7'
    'Authorization': 'REDACTED'
A body is sent with the request
2025-02-15 16:33:34,744 - INFO - Response status: 201
Response headers:
    'Content-Length': '0'
    'Content-MD5': 'REDACTED'
    'Last-Modified': 'Sat, 15 Feb 2025 11:03:34 GMT'
    'ETag': '"0x8DD4DB06427A5E0"'
    'Server': 'Windows-Azure-Blob/1.0 Microsoft-HTTPAPI/2.0'
    'x-ms-request-id': '82a0b2f4-c01e-0020-3499-7f1b33000000'
    'x-ms-client-request-id': '7f0f69e4-eb8c-11ef-b7c2-6241a593cdd7'
    'x-ms-version': 'REDACTED'
    'x-ms-content-crc64': 'REDACTED'
    'x-ms-request-server-encrypted': 'REDACTED'
    'Date': 'Sat, 15 Feb 2025 11:03:34 GMT'
2025-02-15 16:33:34,747 - INFO - Successfully written 16420 records to source=fileshare/year=2025/month=02/day=15/hour=16/data_20250215_163333.csv
2025-02-15 16:39:57,637 - INFO - Request URL: 'https://churndest.blob.core.windows.net/customerchurn?restype=REDACTED&comp=REDACTED'
Request method: 'GET'
Request headers:
    'x-ms-version': 'REDACTED'
    'Accept': 'application/xml'
    'User-Agent': 'azsdk-python-storage-blob/12.24.1 Python/3.9.6 (macOS-15.1-arm64-arm-64bit)'
    'x-ms-date': 'REDACTED'
    'x-ms-client-request-id': '643c631e-eb8d-11ef-b7c2-6241a593cdd7'
    'Authorization': 'REDACTED'
No body was attached to the request
2025-02-15 16:39:59,197 - INFO - Response status: 200
Response headers:
    'Transfer-Encoding': 'chunked'
    'Content-Type': 'application/xml'
    'Server': 'Windows-Azure-Blob/1.0 Microsoft-HTTPAPI/2.0'
    'x-ms-request-id': '794f5319-701e-00b3-539a-7fc039000000'
    'x-ms-client-request-id': '643c631e-eb8d-11ef-b7c2-6241a593cdd7'
    'x-ms-version': 'REDACTED'
    'Date': 'Sat, 15 Feb 2025 11:09:58 GMT'
2025-02-15 16:39:59,203 - INFO - Request URL: 'https://churndest.blob.core.windows.net/customerchurn/source%3Ddb/year%3D2025/month%3D02/day%3D15/hour%3D16/data_20250215_163326.csv'
Request method: 'GET'
Request headers:
    'x-ms-range': 'REDACTED'
    'x-ms-version': 'REDACTED'
    'Accept': 'application/xml'
    'User-Agent': 'azsdk-python-storage-blob/12.24.1 Python/3.9.6 (macOS-15.1-arm64-arm-64bit)'
    'x-ms-date': 'REDACTED'
    'x-ms-client-request-id': '652b5334-eb8d-11ef-b7c2-6241a593cdd7'
    'Authorization': 'REDACTED'
No body was attached to the request
2025-02-15 16:39:59,445 - INFO - Response status: 206
Response headers:
    'Content-Length': '1607680'
    'Content-Type': 'application/octet-stream'
    'Content-Range': 'REDACTED'
    'Last-Modified': 'Sat, 15 Feb 2025 11:03:27 GMT'
    'Accept-Ranges': 'REDACTED'
    'ETag': '"0x8DD4DB0602755D0"'
    'Server': 'Windows-Azure-Blob/1.0 Microsoft-HTTPAPI/2.0'
    'x-ms-request-id': '794f53bf-701e-00b3-619a-7fc039000000'
    'x-ms-client-request-id': '652b5334-eb8d-11ef-b7c2-6241a593cdd7'
    'x-ms-version': 'REDACTED'
    'x-ms-resource-type': 'REDACTED'
    'x-ms-creation-time': 'REDACTED'
    'x-ms-blob-content-md5': 'REDACTED'
    'x-ms-lease-status': 'REDACTED'
    'x-ms-lease-state': 'REDACTED'
    'x-ms-blob-type': 'REDACTED'
    'x-ms-server-encrypted': 'REDACTED'
    'x-ms-owner': 'REDACTED'
    'x-ms-group': 'REDACTED'
    'x-ms-permissions': 'REDACTED'
    'x-ms-acl': 'REDACTED'
    'Date': 'Sat, 15 Feb 2025 11:09:58 GMT'
2025-02-15 16:40:01,237 - INFO - Read: source=db/year=2025/month=02/day=15/hour=16/data_20250215_163326.csv
2025-02-15 16:40:01,238 - INFO - Request URL: 'https://churndest.blob.core.windows.net/customerchurn/source%3Dfileshare/year%3D2025/month%3D02/day%3D15/hour%3D16/data_20250215_163333.csv'
Request method: 'GET'
Request headers:
    'x-ms-range': 'REDACTED'
    'x-ms-version': 'REDACTED'
    'Accept': 'application/xml'
    'User-Agent': 'azsdk-python-storage-blob/12.24.1 Python/3.9.6 (macOS-15.1-arm64-arm-64bit)'
    'x-ms-date': 'REDACTED'
    'x-ms-client-request-id': '6661fad2-eb8d-11ef-b7c2-6241a593cdd7'
    'Authorization': 'REDACTED'
No body was attached to the request
2025-02-15 16:40:01,482 - INFO - Response status: 206
Response headers:
    'Content-Length': '1479627'
    'Content-Type': 'application/octet-stream'
    'Content-Range': 'REDACTED'
    'Last-Modified': 'Sat, 15 Feb 2025 11:03:34 GMT'
    'Accept-Ranges': 'REDACTED'
    'ETag': '"0x8DD4DB06427A5E0"'
    'Server': 'Windows-Azure-Blob/1.0 Microsoft-HTTPAPI/2.0'
    'x-ms-request-id': '794f564c-701e-00b3-619a-7fc039000000'
    'x-ms-client-request-id': '6661fad2-eb8d-11ef-b7c2-6241a593cdd7'
    'x-ms-version': 'REDACTED'
    'x-ms-resource-type': 'REDACTED'
    'x-ms-creation-time': 'REDACTED'
    'x-ms-blob-content-md5': 'REDACTED'
    'x-ms-lease-status': 'REDACTED'
    'x-ms-lease-state': 'REDACTED'
    'x-ms-blob-type': 'REDACTED'
    'x-ms-server-encrypted': 'REDACTED'
    'x-ms-owner': 'REDACTED'
    'x-ms-group': 'REDACTED'
    'x-ms-permissions': 'REDACTED'
    'x-ms-acl': 'REDACTED'
    'Date': 'Sat, 15 Feb 2025 11:10:00 GMT'
2025-02-15 16:40:01,952 - INFO - Read: source=fileshare/year=2025/month=02/day=15/hour=16/data_20250215_163333.csv
